<?xml version="1.0" encoding="UTF-8"?>
<robot generator="Robot 7.1.1 (Python 3.13.1 on darwin)" generated="2025-07-16T14:35:13.895298" rpa="false" schemaversion="5">
<suite id="s1" name="Test Opinion" source="/Users/christopherthomas/PycharmProjects/PythonProject/BrowserstackProject/tests/test_opinion.robot">
<test id="s1-t1" name="Verify Opinion Articles Workflow" line="20">
<kw name="Open Browser And Navigate" owner="keywords">
<kw name="Open Browser" owner="SeleniumLibrary">
<msg time="2025-07-16T14:35:13.971217" level="INFO">Opening browser 'chrome' to base url 'https://elpais.com/'.</msg>
<msg time="2025-07-16T14:35:14.055137" level="INFO">Completed setup!</msg>
<arg>${url}</arg>
<arg>chrome</arg>
<doc>Opens a new browser instance to the optional ``url``.</doc>
<status status="PASS" start="2025-07-16T14:35:13.970901" elapsed="24.632495"/>
</kw>
<kw name="Maximize Browser Window" owner="SeleniumLibrary">
<doc>Maximizes current browser window.</doc>
<status status="PASS" start="2025-07-16T14:35:38.609945" elapsed="0.192059"/>
</kw>
<kw name="Handle Popup If Exists" owner="keywords">
<kw name="Run Keyword And Ignore Error" owner="BuiltIn">
<kw name="Wait Until Element Is Visible" owner="SeleniumLibrary">
<arg>${POPUP_CLOSE}</arg>
<arg>5 seconds</arg>
<doc>Waits until the element ``locator`` is visible.</doc>
<status status="PASS" start="2025-07-16T14:35:38.804603" elapsed="0.230765"/>
</kw>
<arg>Wait Until Element Is Visible</arg>
<arg>${POPUP_CLOSE}</arg>
<arg>5 seconds</arg>
<doc>Runs the given keyword with the given arguments and ignores possible error.</doc>
<status status="PASS" start="2025-07-16T14:35:38.804016" elapsed="0.233586"/>
</kw>
<kw name="Run Keyword And Ignore Error" owner="BuiltIn">
<kw name="Wait Until Element Is Enabled" owner="SeleniumLibrary">
<arg>${POPUP_CLOSE}</arg>
<arg>5 seconds</arg>
<doc>Waits until the element ``locator`` is enabled.</doc>
<status status="PASS" start="2025-07-16T14:35:39.040445" elapsed="0.368440"/>
</kw>
<arg>Wait Until Element Is Enabled</arg>
<arg>${POPUP_CLOSE}</arg>
<arg>5 seconds</arg>
<doc>Runs the given keyword with the given arguments and ignores possible error.</doc>
<status status="PASS" start="2025-07-16T14:35:39.039382" elapsed="0.371524"/>
</kw>
<kw name="Run Keyword And Ignore Error" owner="BuiltIn">
<kw name="Click Element" owner="SeleniumLibrary">
<msg time="2025-07-16T14:35:39.416181" level="INFO">Clicking element 'xpath=//*[@id="didomi-notice-agree-button"]'.</msg>
<arg>${POPUP_CLOSE}</arg>
<doc>Click the element identified by ``locator``.</doc>
<status status="PASS" start="2025-07-16T14:35:39.414966" elapsed="0.255621"/>
</kw>
<arg>Click Element</arg>
<arg>${POPUP_CLOSE}</arg>
<doc>Runs the given keyword with the given arguments and ignores possible error.</doc>
<status status="PASS" start="2025-07-16T14:35:39.413426" elapsed="0.259036"/>
</kw>
<status status="PASS" start="2025-07-16T14:35:38.803233" elapsed="0.870873"/>
</kw>
<arg>${BASE_URL}</arg>
<status status="PASS" start="2025-07-16T14:35:13.970265" elapsed="25.705647"/>
</kw>
<kw name="Validate Website Language" owner="keywords">
<kw name="Handle Popup If Exists" owner="keywords">
<kw name="Run Keyword And Ignore Error" owner="BuiltIn">
<kw name="Wait Until Element Is Visible" owner="SeleniumLibrary">
<msg time="2025-07-16T14:35:52.461308" level="INFO" html="true">&lt;/td&gt;&lt;/tr&gt;&lt;tr&gt;&lt;td colspan="3"&gt;&lt;a href="selenium-screenshot-1.png"&gt;&lt;img src="selenium-screenshot-1.png" width="800px"&gt;&lt;/a&gt;</msg>
<msg time="2025-07-16T14:35:52.465519" level="FAIL">Element 'xpath=//*[@id="didomi-notice-agree-button"]' not visible after 5 seconds.</msg>
<arg>${POPUP_CLOSE}</arg>
<arg>5 seconds</arg>
<doc>Waits until the element ``locator`` is visible.</doc>
<status status="FAIL" start="2025-07-16T14:35:39.680967" elapsed="12.788782">Element 'xpath=//*[@id="didomi-notice-agree-button"]' not visible after 5 seconds.</status>
</kw>
<arg>Wait Until Element Is Visible</arg>
<arg>${POPUP_CLOSE}</arg>
<arg>5 seconds</arg>
<doc>Runs the given keyword with the given arguments and ignores possible error.</doc>
<status status="PASS" start="2025-07-16T14:35:39.679972" elapsed="12.791845"/>
</kw>
<kw name="Run Keyword And Ignore Error" owner="BuiltIn">
<kw name="Wait Until Element Is Enabled" owner="SeleniumLibrary">
<msg time="2025-07-16T14:36:02.084716" level="INFO" html="true">&lt;/td&gt;&lt;/tr&gt;&lt;tr&gt;&lt;td colspan="3"&gt;&lt;a href="selenium-screenshot-2.png"&gt;&lt;img src="selenium-screenshot-2.png" width="800px"&gt;&lt;/a&gt;</msg>
<msg time="2025-07-16T14:36:02.085103" level="FAIL">Element with locator 'xpath=//*[@id="didomi-notice-agree-button"]' not found.</msg>
<arg>${POPUP_CLOSE}</arg>
<arg>5 seconds</arg>
<doc>Waits until the element ``locator`` is enabled.</doc>
<status status="FAIL" start="2025-07-16T14:35:52.474743" elapsed="9.612428">Element with locator 'xpath=//*[@id="didomi-notice-agree-button"]' not found.</status>
</kw>
<arg>Wait Until Element Is Enabled</arg>
<arg>${POPUP_CLOSE}</arg>
<arg>5 seconds</arg>
<doc>Runs the given keyword with the given arguments and ignores possible error.</doc>
<status status="PASS" start="2025-07-16T14:35:52.473501" elapsed="9.616379"/>
</kw>
<kw name="Run Keyword And Ignore Error" owner="BuiltIn">
<kw name="Click Element" owner="SeleniumLibrary">
<msg time="2025-07-16T14:36:02.098332" level="INFO">Clicking element 'xpath=//*[@id="didomi-notice-agree-button"]'.</msg>
<msg time="2025-07-16T14:36:05.781319" level="INFO" html="true">&lt;/td&gt;&lt;/tr&gt;&lt;tr&gt;&lt;td colspan="3"&gt;&lt;a href="selenium-screenshot-3.png"&gt;&lt;img src="selenium-screenshot-3.png" width="800px"&gt;&lt;/a&gt;</msg>
<msg time="2025-07-16T14:36:05.781531" level="FAIL">Element with locator 'xpath=//*[@id="didomi-notice-agree-button"]' not found.</msg>
<arg>${POPUP_CLOSE}</arg>
<doc>Click the element identified by ``locator``.</doc>
<status status="FAIL" start="2025-07-16T14:36:02.095654" elapsed="3.687003">Element with locator 'xpath=//*[@id="didomi-notice-agree-button"]' not found.</status>
</kw>
<arg>Click Element</arg>
<arg>${POPUP_CLOSE}</arg>
<doc>Runs the given keyword with the given arguments and ignores possible error.</doc>
<status status="PASS" start="2025-07-16T14:36:02.093246" elapsed="3.689935"/>
</kw>
<status status="PASS" start="2025-07-16T14:35:39.678402" elapsed="26.105254"/>
</kw>
<kw name="Wait Until Page Contains Element" owner="SeleniumLibrary">
<arg>xpath://html</arg>
<doc>Waits until the element ``locator`` appears on the current page.</doc>
<status status="PASS" start="2025-07-16T14:36:05.784135" elapsed="0.053395"/>
</kw>
<kw name="Get Element Attribute" owner="SeleniumLibrary">
<msg time="2025-07-16T14:36:05.952691" level="INFO">${language} = es-ES</msg>
<var>${language}</var>
<arg>xpath://html</arg>
<arg>lang</arg>
<doc>Returns the value of ``attribute`` from the element ``locator``.</doc>
<status status="PASS" start="2025-07-16T14:36:05.839816" elapsed="0.113989"/>
</kw>
<kw name="Log" owner="BuiltIn">
<msg time="2025-07-16T14:36:05.957005" level="INFO">The detected language is: es-ES</msg>
<arg>The detected language is: ${language}</arg>
<doc>Logs the given message with the given level.</doc>
<status status="PASS" start="2025-07-16T14:36:05.955919" elapsed="0.002039"/>
</kw>
<kw name="Should Be Equal As Strings" owner="BuiltIn">
<arg>${language}</arg>
<arg>es-ES</arg>
<doc>Fails if objects are unequal after converting them to strings.</doc>
<status status="PASS" start="2025-07-16T14:36:05.959568" elapsed="0.001239"/>
</kw>
<status status="PASS" start="2025-07-16T14:35:39.677058" elapsed="26.285342"/>
</kw>
<kw name="Click Opinion Section" owner="keywords">
<kw name="Handle Popup If Exists" owner="keywords">
<kw name="Run Keyword And Ignore Error" owner="BuiltIn">
<kw name="Wait Until Element Is Visible" owner="SeleniumLibrary">
<msg time="2025-07-16T14:36:21.377156" level="INFO" html="true">&lt;/td&gt;&lt;/tr&gt;&lt;tr&gt;&lt;td colspan="3"&gt;&lt;a href="selenium-screenshot-4.png"&gt;&lt;img src="selenium-screenshot-4.png" width="800px"&gt;&lt;/a&gt;</msg>
<msg time="2025-07-16T14:36:21.378593" level="FAIL">Element 'xpath=//*[@id="didomi-notice-agree-button"]' not visible after 5 seconds.</msg>
<arg>${POPUP_CLOSE}</arg>
<arg>5 seconds</arg>
<doc>Waits until the element ``locator`` is visible.</doc>
<status status="FAIL" start="2025-07-16T14:36:05.965936" elapsed="15.416245">Element 'xpath=//*[@id="didomi-notice-agree-button"]' not visible after 5 seconds.</status>
</kw>
<arg>Wait Until Element Is Visible</arg>
<arg>${POPUP_CLOSE}</arg>
<arg>5 seconds</arg>
<doc>Runs the given keyword with the given arguments and ignores possible error.</doc>
<status status="PASS" start="2025-07-16T14:36:05.965240" elapsed="15.418730"/>
</kw>
<kw name="Run Keyword And Ignore Error" owner="BuiltIn">
<kw name="Wait Until Element Is Enabled" owner="SeleniumLibrary">
<msg time="2025-07-16T14:36:35.730360" level="INFO" html="true">&lt;/td&gt;&lt;/tr&gt;&lt;tr&gt;&lt;td colspan="3"&gt;&lt;a href="selenium-screenshot-5.png"&gt;&lt;img src="selenium-screenshot-5.png" width="800px"&gt;&lt;/a&gt;</msg>
<msg time="2025-07-16T14:36:35.731748" level="FAIL">Element with locator 'xpath=//*[@id="didomi-notice-agree-button"]' not found.</msg>
<arg>${POPUP_CLOSE}</arg>
<arg>5 seconds</arg>
<doc>Waits until the element ``locator`` is enabled.</doc>
<status status="FAIL" start="2025-07-16T14:36:21.386973" elapsed="14.348795">Element with locator 'xpath=//*[@id="didomi-notice-agree-button"]' not found.</status>
</kw>
<arg>Wait Until Element Is Enabled</arg>
<arg>${POPUP_CLOSE}</arg>
<arg>5 seconds</arg>
<doc>Runs the given keyword with the given arguments and ignores possible error.</doc>
<status status="PASS" start="2025-07-16T14:36:21.385678" elapsed="14.351632"/>
</kw>
<kw name="Run Keyword And Ignore Error" owner="BuiltIn">
<kw name="Click Element" owner="SeleniumLibrary">
<msg time="2025-07-16T14:36:35.740360" level="INFO">Clicking element 'xpath=//*[@id="didomi-notice-agree-button"]'.</msg>
<msg time="2025-07-16T14:36:40.754140" level="INFO" html="true">&lt;/td&gt;&lt;/tr&gt;&lt;tr&gt;&lt;td colspan="3"&gt;&lt;a href="selenium-screenshot-6.png"&gt;&lt;img src="selenium-screenshot-6.png" width="800px"&gt;&lt;/a&gt;</msg>
<msg time="2025-07-16T14:36:40.754491" level="FAIL">Element with locator 'xpath=//*[@id="didomi-notice-agree-button"]' not found.</msg>
<arg>${POPUP_CLOSE}</arg>
<doc>Click the element identified by ``locator``.</doc>
<status status="FAIL" start="2025-07-16T14:36:35.739651" elapsed="5.017081">Element with locator 'xpath=//*[@id="didomi-notice-agree-button"]' not found.</status>
</kw>
<arg>Click Element</arg>
<arg>${POPUP_CLOSE}</arg>
<doc>Runs the given keyword with the given arguments and ignores possible error.</doc>
<status status="PASS" start="2025-07-16T14:36:35.738705" elapsed="5.019515"/>
</kw>
<status status="PASS" start="2025-07-16T14:36:05.964481" elapsed="34.795064"/>
</kw>
<kw name="Click Element" owner="SeleniumLibrary">
<msg time="2025-07-16T14:36:40.761587" level="INFO">Clicking element 'css:a[href*='opinion']'.</msg>
<arg>${opinion_link}</arg>
<doc>Click the element identified by ``locator``.</doc>
<status status="PASS" start="2025-07-16T14:36:40.760877" elapsed="6.478631"/>
</kw>
<arg>${OPINION_LINK}</arg>
<status status="PASS" start="2025-07-16T14:36:05.963366" elapsed="41.278292"/>
</kw>
<kw name="Fetch Article Details" owner="keywords">
<kw name="Get WebElements" owner="SeleniumLibrary">
<msg time="2025-07-16T14:36:47.314096" level="INFO">${titles_elements} = [&lt;selenium.webdriver.remote.webelement.WebElement (session="64a91e1ef587d1b700afa7c9a5e95772b1b527e3", element="node-A3398420-9715-48DD-81F5-5877C9C51FDF")&gt;, &lt;selenium.webdriver.remote.webelement.WebE...</msg>
<var>${titles_elements}</var>
<arg>${ARTICLE_TITLE}</arg>
<doc>Returns a list of WebElement objects matching the ``locator``.</doc>
<status status="PASS" start="2025-07-16T14:36:47.244362" elapsed="0.070619"/>
</kw>
<kw name="Get WebElements" owner="SeleniumLibrary">
<msg time="2025-07-16T14:36:47.374911" level="INFO">${contents_elements} = [&lt;selenium.webdriver.remote.webelement.WebElement (session="64a91e1ef587d1b700afa7c9a5e95772b1b527e3", element="node-C5F28199-1C8C-4E21-A5B6-D92F877411A1")&gt;, &lt;selenium.webdriver.remote.webelement.WebE...</msg>
<var>${contents_elements}</var>
<arg>${ARTICLE_CONTENT}</arg>
<doc>Returns a list of WebElement objects matching the ``locator``.</doc>
<status status="PASS" start="2025-07-16T14:36:47.316563" elapsed="0.059685"/>
</kw>
<kw name="Get WebElements" owner="SeleniumLibrary">
<msg time="2025-07-16T14:36:47.608175" level="INFO">${images_elements} = [&lt;selenium.webdriver.remote.webelement.WebElement (session="64a91e1ef587d1b700afa7c9a5e95772b1b527e3", element="node-61C1646F-28E2-4FE2-ADCB-40B0EF4142AA")&gt;, &lt;selenium.webdriver.remote.webelement.WebE...</msg>
<var>${images_elements}</var>
<arg>${COVER_IMAGE}</arg>
<doc>Returns a list of WebElement objects matching the ``locator``.</doc>
<status status="PASS" start="2025-07-16T14:36:47.378720" elapsed="0.230331"/>
</kw>
<kw name="Log" owner="BuiltIn">
<msg time="2025-07-16T14:36:47.611448" level="INFO">Titles Elements: [&lt;selenium.webdriver.remote.webelement.WebElement (session="64a91e1ef587d1b700afa7c9a5e95772b1b527e3", element="node-A3398420-9715-48DD-81F5-5877C9C51FDF")&gt;, &lt;selenium.webdriver.remote.webelement.WebElement (session="64a91e1ef587d1b700afa7c9a5e95772b1b527e3", element="node-D002C3E7-A105-4CB5-95EA-7F39518F3559")&gt;, &lt;selenium.webdriver.remote.webelement.WebElement (session="64a91e1ef587d1b700afa7c9a5e95772b1b527e3", element="node-4BFDBFA7-E3D2-495E-9309-87C4373D1682")&gt;, &lt;selenium.webdriver.remote.webelement.WebElement (session="64a91e1ef587d1b700afa7c9a5e95772b1b527e3", element="node-64B7403D-21C7-42DD-9A0C-9084CE7526CA")&gt;, &lt;selenium.webdriver.remote.webelement.WebElement (session="64a91e1ef587d1b700afa7c9a5e95772b1b527e3", element="node-51EF398C-39CA-48F9-89E2-A82A75510D4B")&gt;, &lt;selenium.webdriver.remote.webelement.WebElement (session="64a91e1ef587d1b700afa7c9a5e95772b1b527e3", element="node-E15594CE-EE42-4409-9A4E-A1CD002D04D9")&gt;, &lt;selenium.webdriver.remote.webelement.WebElement (session="64a91e1ef587d1b700afa7c9a5e95772b1b527e3", element="node-EABD24F2-2E0C-4C8E-ABBB-93169DA5238D")&gt;, &lt;selenium.webdriver.remote.webelement.WebElement (session="64a91e1ef587d1b700afa7c9a5e95772b1b527e3", element="node-85C4F683-65EB-4A73-8FE1-410D4F424FA8")&gt;, &lt;selenium.webdriver.remote.webelement.WebElement (session="64a91e1ef587d1b700afa7c9a5e95772b1b527e3", element="node-43DD98C5-5C0F-460D-929C-D79C2F76C8C8")&gt;, &lt;selenium.webdriver.remote.webelement.WebElement (session="64a91e1ef587d1b700afa7c9a5e95772b1b527e3", element="node-4BC0B4B7-D88C-4C0E-A930-CF2375BE7725")&gt;, &lt;selenium.webdriver.remote.webelement.WebElement (session="64a91e1ef587d1b700afa7c9a5e95772b1b527e3", element="node-65BD87DE-3FC5-4CD8-B0AD-F590E2D1C3A7")&gt;, &lt;selenium.webdriver.remote.webelement.WebElement (session="64a91e1ef587d1b700afa7c9a5e95772b1b527e3", element="node-D2D6FCEF-F9C2-472E-8659-44C76CB94ED2")&gt;, &lt;selenium.webdriver.remote.webelement.WebElement (session="64a91e1ef587d1b700afa7c9a5e95772b1b527e3", element="node-48B00E79-8C04-4062-A85C-88B36BF59932")&gt;, &lt;selenium.webdriver.remote.webelement.WebElement (session="64a91e1ef587d1b700afa7c9a5e95772b1b527e3", element="node-8CEED4E3-3578-40F5-B7DC-AF49D14301FA")&gt;, &lt;selenium.webdriver.remote.webelement.WebElement (session="64a91e1ef587d1b700afa7c9a5e95772b1b527e3", element="node-05367EFE-5BB5-4A8C-A5AA-D3AB02B18BCB")&gt;, &lt;selenium.webdriver.remote.webelement.WebElement (session="64a91e1ef587d1b700afa7c9a5e95772b1b527e3", element="node-DDAF8F4B-DECB-453B-B03D-344486D53018")&gt;, &lt;selenium.webdriver.remote.webelement.WebElement (session="64a91e1ef587d1b700afa7c9a5e95772b1b527e3", element="node-C688A8B2-BD11-4194-8369-4FC6E6034C1F")&gt;, &lt;selenium.webdriver.remote.webelement.WebElement (session="64a91e1ef587d1b700afa7c9a5e95772b1b527e3", element="node-0B4ECFA5-1797-4FFC-9663-3FE98D983787")&gt;, &lt;selenium.webdriver.remote.webelement.WebElement (session="64a91e1ef587d1b700afa7c9a5e95772b1b527e3", element="node-2F57D405-1F6B-466F-A19A-D889BAC4850E")&gt;, &lt;selenium.webdriver.remote.webelement.WebElement (session="64a91e1ef587d1b700afa7c9a5e95772b1b527e3", element="node-191366CD-3C14-44B7-B5FC-F719A0488F96")&gt;, &lt;selenium.webdriver.remote.webelement.WebElement (session="64a91e1ef587d1b700afa7c9a5e95772b1b527e3", element="node-6614FB93-A62F-4BF0-89FE-CEC7B5D51197")&gt;, &lt;selenium.webdriver.remote.webelement.WebElement (session="64a91e1ef587d1b700afa7c9a5e95772b1b527e3", element="node-0D1FDA6D-3EFA-4A94-9236-B4A14516708F")&gt;, &lt;selenium.webdriver.remote.webelement.WebElement (session="64a91e1ef587d1b700afa7c9a5e95772b1b527e3", element="node-4C9D2604-0B37-40BD-A937-92199C5C1E04")&gt;, &lt;selenium.webdriver.remote.webelement.WebElement (session="64a91e1ef587d1b700afa7c9a5e95772b1b527e3", element="node-9B16988D-B1AE-4A20-8104-AD3E67D131A5")&gt;, &lt;selenium.webdriver.remote.webelement.WebElement (session="64a91e1ef587d1b700afa7c9a5e95772b1b527e3", element="node-D32C8216-CF11-4372-B2E4-ED12712EF74A")&gt;, &lt;selenium.webdriver.remote.webelement.WebElement (session="64a91e1ef587d1b700afa7c9a5e95772b1b527e3", element="node-287778AE-E9EE-4D9C-8BD4-B816E69B1F2D")&gt;, &lt;selenium.webdriver.remote.webelement.WebElement (session="64a91e1ef587d1b700afa7c9a5e95772b1b527e3", element="node-5BC3AB79-1C95-4F66-B8D1-1D938F930E4B")&gt;, &lt;selenium.webdriver.remote.webelement.WebElement (session="64a91e1ef587d1b700afa7c9a5e95772b1b527e3", element="node-96D43130-4911-453C-BC35-869BD0E4524E")&gt;, &lt;selenium.webdriver.remote.webelement.WebElement (session="64a91e1ef587d1b700afa7c9a5e95772b1b527e3", element="node-A9E88AA5-1A0C-453D-90D2-38D4DFF0A5CF")&gt;, &lt;selenium.webdriver.remote.webelement.WebElement (session="64a91e1ef587d1b700afa7c9a5e95772b1b527e3", element="node-D80E6330-FE14-43A1-B5E3-6C4E1E23CABE")&gt;, &lt;selenium.webdriver.remote.webelement.WebElement (session="64a91e1ef587d1b700afa7c9a5e95772b1b527e3", element="node-E0B63F74-67C5-4147-9D0F-72E207847F18")&gt;, &lt;selenium.webdriver.remote.webelement.WebElement (session="64a91e1ef587d1b700afa7c9a5e95772b1b527e3", element="node-6AFF1954-4182-4C6F-A63D-486AF1FC21F4")&gt;, &lt;selenium.webdriver.remote.webelement.WebElement (session="64a91e1ef587d1b700afa7c9a5e95772b1b527e3", element="node-1BBF6E7E-FF46-449D-8C24-94463D5C0E7F")&gt;, &lt;selenium.webdriver.remote.webelement.WebElement (session="64a91e1ef587d1b700afa7c9a5e95772b1b527e3", element="node-AC352648-63DD-4ADB-96B5-B356E68B3C06")&gt;, &lt;selenium.webdriver.remote.webelement.WebElement (session="64a91e1ef587d1b700afa7c9a5e95772b1b527e3", element="node-315899B1-179D-4F0A-9361-8E4FAD1D12A5")&gt;, &lt;selenium.webdriver.remote.webelement.WebElement (session="64a91e1ef587d1b700afa7c9a5e95772b1b527e3", element="node-3FAF6F5C-593C-4454-A662-1EA0C3B32052")&gt;, &lt;selenium.webdriver.remote.webelement.WebElement (session="64a91e1ef587d1b700afa7c9a5e95772b1b527e3", element="node-E672B133-ECE7-422B-B30B-90F408420C6F")&gt;, &lt;selenium.webdriver.remote.webelement.WebElement (session="64a91e1ef587d1b700afa7c9a5e95772b1b527e3", element="node-49F2A402-5F20-428F-AD42-E4FEC74077B9")&gt;, &lt;selenium.webdriver.remote.webelement.WebElement (session="64a91e1ef587d1b700afa7c9a5e95772b1b527e3", element="node-CDD893A5-2F11-43AE-AD1B-A5E06EE514DC")&gt;, &lt;selenium.webdriver.remote.webelement.WebElement (session="64a91e1ef587d1b700afa7c9a5e95772b1b527e3", element="node-6EAC9BD0-31CA-46A1-9DA8-A1FAB257716F")&gt;, &lt;selenium.webdriver.remote.webelement.WebElement (session="64a91e1ef587d1b700afa7c9a5e95772b1b527e3", element="node-FC9943FC-0790-4EF6-946D-8B4BA86B8338")&gt;, &lt;selenium.webdriver.remote.webelement.WebElement (session="64a91e1ef587d1b700afa7c9a5e95772b1b527e3", element="node-A200618B-B0BE-492A-A1F0-8A90542FFEDD")&gt;, &lt;selenium.webdriver.remote.webelement.WebElement (session="64a91e1ef587d1b700afa7c9a5e95772b1b527e3", element="node-252388AE-15C1-481E-AB0F-F631069212BE")&gt;, &lt;selenium.webdriver.remote.webelement.WebElement (session="64a91e1ef587d1b700afa7c9a5e95772b1b527e3", element="node-B289EA80-C398-493D-A759-809A2DCD3188")&gt;, &lt;selenium.webdriver.remote.webelement.WebElement (session="64a91e1ef587d1b700afa7c9a5e95772b1b527e3", element="node-705D73B0-03E5-4931-8C6E-DAF70290B469")&gt;, &lt;selenium.webdriver.remote.webelement.WebElement (session="64a91e1ef587d1b700afa7c9a5e95772b1b527e3", element="node-A649AE44-4EE8-4B08-A88C-8E7ED7726926")&gt;, &lt;selenium.webdriver.remote.webelement.WebElement (session="64a91e1ef587d1b700afa7c9a5e95772b1b527e3", element="node-670DE3A3-6918-4590-8FC8-F38C110A1118")&gt;, &lt;selenium.webdriver.remote.webelement.WebElement (session="64a91e1ef587d1b700afa7c9a5e95772b1b527e3", element="node-AC6EBB12-5645-4951-B40F-3B8C211C9780")&gt;, &lt;selenium.webdriver.remote.webelement.WebElement (session="64a91e1ef587d1b700afa7c9a5e95772b1b527e3", element="node-9727B3CD-E817-40AA-927A-636FD06ACD56")&gt;, &lt;selenium.webdriver.remote.webelement.WebElement (session="64a91e1ef587d1b700afa7c9a5e95772b1b527e3", element="node-7A802B11-5571-4035-BAF5-0E57A84E0241")&gt;, &lt;selenium.webdriver.remote.webelement.WebElement (session="64a91e1ef587d1b700afa7c9a5e95772b1b527e3", element="node-CC89DA37-BBB6-488E-BEAE-55CE2EAED815")&gt;, &lt;selenium.webdriver.remote.webelement.WebElement (session="64a91e1ef587d1b700afa7c9a5e95772b1b527e3", element="node-5B2348A6-27A2-4DD1-BE9C-12FE41E60578")&gt;, &lt;selenium.webdriver.remote.webelement.WebElement (session="64a91e1ef587d1b700afa7c9a5e95772b1b527e3", element="node-59F1C560-128C-4F2B-916B-96D2B1346252")&gt;, &lt;selenium.webdriver.remote.webelement.WebElement (session="64a91e1ef587d1b700afa7c9a5e95772b1b527e3", element="node-7FE311DE-0E0D-4D78-A38D-991A3A28CB9A")&gt;, &lt;selenium.webdriver.remote.webelement.WebElement (session="64a91e1ef587d1b700afa7c9a5e95772b1b527e3", element="node-F1DC28D3-A300-4C23-8DFD-2084116BD82C")&gt;, &lt;selenium.webdriver.remote.webelement.WebElement (session="64a91e1ef587d1b700afa7c9a5e95772b1b527e3", element="node-03E95E1B-A1FF-4BCF-9727-B53C53B111CA")&gt;, &lt;selenium.webdriver.remote.webelement.WebElement (session="64a91e1ef587d1b700afa7c9a5e95772b1b527e3", element="node-52141860-34E8-48BA-9EE7-7FCBAB218001")&gt;, &lt;selenium.webdriver.remote.webelement.WebElement (session="64a91e1ef587d1b700afa7c9a5e95772b1b527e3", element="node-EC654FD5-54C3-44D5-969E-2DC5524CD75F")&gt;, &lt;selenium.webdriver.remote.webelement.WebElement (session="64a91e1ef587d1b700afa7c9a5e95772b1b527e3", element="node-AC160939-2B23-4230-B368-DE04212BC306")&gt;, &lt;selenium.webdriver.remote.webelement.WebElement (session="64a91e1ef587d1b700afa7c9a5e95772b1b527e3", element="node-0724DB07-0815-4AC3-8F20-BB4869D623A0")&gt;, &lt;selenium.webdriver.remote.webelement.WebElement (session="64a91e1ef587d1b700afa7c9a5e95772b1b527e3", element="node-E455EDBD-9997-4762-B2E1-52DAFDEF591B")&gt;, &lt;selenium.webdriver.remote.webelement.WebElement (session="64a91e1ef587d1b700afa7c9a5e95772b1b527e3", element="node-43C1FBAD-AB5C-4995-B0B9-C23D1D2DD628")&gt;, &lt;selenium.webdriver.remote.webelement.WebElement (session="64a91e1ef587d1b700afa7c9a5e95772b1b527e3", element="node-80818132-E9B9-44F8-AE34-E413A41DEF66")&gt;, &lt;selenium.webdriver.remote.webelement.WebElement (session="64a91e1ef587d1b700afa7c9a5e95772b1b527e3", element="node-9E5C4A0D-B829-45FD-AEDA-2126414C2D70")&gt;, &lt;selenium.webdriver.remote.webelement.WebElement (session="64a91e1ef587d1b700afa7c9a5e95772b1b527e3", element="node-CBBDAE0F-DD1D-4344-B651-85194D5E5036")&gt;, &lt;selenium.webdriver.remote.webelement.WebElement (session="64a91e1ef587d1b700afa7c9a5e95772b1b527e3", element="node-C93883F8-94C6-4FDC-8CD4-749B365E55C3")&gt;, &lt;selenium.webdriver.remote.webelement.WebElement (session="64a91e1ef587d1b700afa7c9a5e95772b1b527e3", element="node-6E8F433A-B98B-4555-A0E7-210DC507BE64")&gt;, &lt;selenium.webdriver.remote.webelement.WebElement (session="64a91e1ef587d1b700afa7c9a5e95772b1b527e3", element="node-B0DC8099-DB53-4203-B491-57400162102A")&gt;, &lt;selenium.webdriver.remote.webelement.WebElement (session="64a91e1ef587d1b700afa7c9a5e95772b1b527e3", element="node-4FB7A55B-AA3A-4E17-9AE7-29482B029BDA")&gt;, &lt;selenium.webdriver.remote.webelement.WebElement (session="64a91e1ef587d1b700afa7c9a5e95772b1b527e3", element="node-F3B44423-B966-42F5-BFF7-089E13AAA5D2")&gt;, &lt;selenium.webdriver.remote.webelement.WebElement (session="64a91e1ef587d1b700afa7c9a5e95772b1b527e3", element="node-EE6BFB66-C5CC-4CA4-A9D1-AA5A7938CEF5")&gt;, &lt;selenium.webdriver.remote.webelement.WebElement (session="64a91e1ef587d1b700afa7c9a5e95772b1b527e3", element="node-8A7F1B3C-FBB6-4D64-8804-A03C4B981A83")&gt;, &lt;selenium.webdriver.remote.webelement.WebElement (session="64a91e1ef587d1b700afa7c9a5e95772b1b527e3", element="node-9C6F4874-7A5E-488E-A919-B98B6D3BD291")&gt;, &lt;selenium.webdriver.remote.webelement.WebElement (session="64a91e1ef587d1b700afa7c9a5e95772b1b527e3", element="node-04298BBC-2E2E-4EEC-846A-4EA1F8FE2247")&gt;, &lt;selenium.webdriver.remote.webelement.WebElement (session="64a91e1ef587d1b700afa7c9a5e95772b1b527e3", element="node-EE835D45-CB41-4E9E-84EF-546225BE3CCD")&gt;, &lt;selenium.webdriver.remote.webelement.WebElement (session="64a91e1ef587d1b700afa7c9a5e95772b1b527e3", element="node-3E841164-C3C4-48BE-98C8-BE83F1561DA3")&gt;, &lt;selenium.webdriver.remote.webelement.WebElement (session="64a91e1ef587d1b700afa7c9a5e95772b1b527e3", element="node-8AB456A5-609C-44D3-96D6-969AEFD83BF8")&gt;, &lt;selenium.webdriver.remote.webelement.WebElement (session="64a91e1ef587d1b700afa7c9a5e95772b1b527e3", element="node-1F5F5E73-49A1-4954-BAC3-45DDB9A14AD6")&gt;, &lt;selenium.webdriver.remote.webelement.WebElement (session="64a91e1ef587d1b700afa7c9a5e95772b1b527e3", element="node-91C15C2D-D602-4AC8-B4A1-01C448AF1F1C")&gt;, &lt;selenium.webdriver.remote.webelement.WebElement (session="64a91e1ef587d1b700afa7c9a5e95772b1b527e3", element="node-A686FCB2-487A-4DFB-94E7-CCD7C50245C8")&gt;, &lt;selenium.webdriver.remote.webelement.WebElement (session="64a91e1ef587d1b700afa7c9a5e95772b1b527e3", element="node-11EA099D-A96C-4C29-A3B8-07516BDBE220")&gt;, &lt;selenium.webdriver.remote.webelement.WebElement (session="64a91e1ef587d1b700afa7c9a5e95772b1b527e3", element="node-9851383A-C161-425E-8930-E3064191812B")&gt;, &lt;selenium.webdriver.remote.webelement.WebElement (session="64a91e1ef587d1b700afa7c9a5e95772b1b527e3", element="node-0AC7578E-5BF6-4A48-9F6D-3208E8244A25")&gt;, &lt;selenium.webdriver.remote.webelement.WebElement (session="64a91e1ef587d1b700afa7c9a5e95772b1b527e3", element="node-7266F785-C37F-40AB-BC73-E58586EC4727")&gt;, &lt;selenium.webdriver.remote.webelement.WebElement (session="64a91e1ef587d1b700afa7c9a5e95772b1b527e3", element="node-AE2CD882-9810-4654-9886-BB0F6309EC1D")&gt;, &lt;selenium.webdriver.remote.webelement.WebElement (session="64a91e1ef587d1b700afa7c9a5e95772b1b527e3", element="node-00E1BE85-9FCC-4198-971D-6835FBDB5F7A")&gt;, &lt;selenium.webdriver.remote.webelement.WebElement (session="64a91e1ef587d1b700afa7c9a5e95772b1b527e3", element="node-41062F7F-4988-4AC5-B4F3-748C65ECA605")&gt;, &lt;selenium.webdriver.remote.webelement.WebElement (session="64a91e1ef587d1b700afa7c9a5e95772b1b527e3", element="node-73603561-4A7F-420B-BFE4-6BE7BF309A34")&gt;, &lt;selenium.webdriver.remote.webelement.WebElement (session="64a91e1ef587d1b700afa7c9a5e95772b1b527e3", element="node-6A844897-1991-42D2-AA20-6E06DEC91D61")&gt;, &lt;selenium.webdriver.remote.webelement.WebElement (session="64a91e1ef587d1b700afa7c9a5e95772b1b527e3", element="node-8F15CB96-8ADD-4CF9-BD2B-F5BAA84F31B9")&gt;, &lt;selenium.webdriver.remote.webelement.WebElement (session="64a91e1ef587d1b700afa7c9a5e95772b1b527e3", element="node-C514B1B5-96B6-4ED2-B14E-6387507485D2")&gt;, &lt;selenium.webdriver.remote.webelement.WebElement (session="64a91e1ef587d1b700afa7c9a5e95772b1b527e3", element="node-C9B286B0-9943-4ADD-A9E9-07F9F16CAB5F")&gt;, &lt;selenium.webdriver.remote.webelement.WebElement (session="64a91e1ef587d1b700afa7c9a5e95772b1b527e3", element="node-2CD5BDD9-D783-4204-967C-487FBEF76988")&gt;, &lt;selenium.webdriver.remote.webelement.WebElement (session="64a91e1ef587d1b700afa7c9a5e95772b1b527e3", element="node-E1698EBB-D3BA-46D9-A94D-84E02ECDACD8")&gt;, &lt;selenium.webdriver.remote.webelement.WebElement (session="64a91e1ef587d1b700afa7c9a5e95772b1b527e3", element="node-EAEA5D6A-531C-4370-84F9-584851EC42B6")&gt;, &lt;selenium.webdriver.remote.webelement.WebElement (session="64a91e1ef587d1b700afa7c9a5e95772b1b527e3", element="node-1F4C680A-D1D7-41A6-AC10-1C7F5CF5A208")&gt;, &lt;selenium.webdriver.remote.webelement.WebElement (session="64a91e1ef587d1b700afa7c9a5e95772b1b527e3", element="node-33D45224-4C86-484C-B4A8-3C4EDE04CA58")&gt;, &lt;selenium.webdriver.remote.webelement.WebElement (session="64a91e1ef587d1b700afa7c9a5e95772b1b527e3", element="node-66923F1A-979E-4163-9EC3-1DB4DFAA9BC4")&gt;, &lt;selenium.webdriver.remote.webelement.WebElement (session="64a91e1ef587d1b700afa7c9a5e95772b1b527e3", element="node-1C9CF1C8-2E15-4FA2-957C-55971B60AC7E")&gt;, &lt;selenium.webdriver.remote.webelement.WebElement (session="64a91e1ef587d1b700afa7c9a5e95772b1b527e3", element="node-FDB35038-BC46-4BE6-9C8D-28095C1F5FCF")&gt;, &lt;selenium.webdriver.remote.webelement.WebElement (session="64a91e1ef587d1b700afa7c9a5e95772b1b527e3", element="node-D8E11209-17CB-49A2-A825-585091635063")&gt;, &lt;selenium.webdriver.remote.webelement.WebElement (session="64a91e1ef587d1b700afa7c9a5e95772b1b527e3", element="node-C1555C3A-2AD7-4090-9064-2093C511347A")&gt;, &lt;selenium.webdriver.remote.webelement.WebElement (session="64a91e1ef587d1b700afa7c9a5e95772b1b527e3", element="node-59F2E2CE-9041-47CD-BC32-635620089CA2")&gt;, &lt;selenium.webdriver.remote.webelement.WebElement (session="64a91e1ef587d1b700afa7c9a5e95772b1b527e3", element="node-7BDD4C5C-43F4-4746-BE17-224C58731F76")&gt;, &lt;selenium.webdriver.remote.webelement.WebElement (session="64a91e1ef587d1b700afa7c9a5e95772b1b527e3", element="node-FAF202EE-34BE-4EC7-86EE-1CB2242A2209")&gt;, &lt;selenium.webdriver.remote.webelement.WebElement (session="64a91e1ef587d1b700afa7c9a5e95772b1b527e3", element="node-37A4942E-D9FF-4F6B-A864-66211C38A311")&gt;, &lt;selenium.webdriver.remote.webelement.WebElement (session="64a91e1ef587d1b700afa7c9a5e95772b1b527e3", element="node-22DB0EC2-BBB6-4EDF-A1E0-F1CEDF6847A3")&gt;, &lt;selenium.webdriver.remote.webelement.WebElement (session="64a91e1ef587d1b700afa7c9a5e95772b1b527e3", element="node-8DB7F391-DD98-4EF1-9A2A-6794A6527BC6")&gt;, &lt;selenium.webdriver.remote.webelement.WebElement (session="64a91e1ef587d1b700afa7c9a5e95772b1b527e3", element="node-E25B866E-92E9-4558-B7DF-19A9C02DCA27")&gt;, &lt;selenium.webdriver.remote.webelement.WebElement (session="64a91e1ef587d1b700afa7c9a5e95772b1b527e3", element="node-D71E2A62-92CC-44C1-AFA0-12939CCC7E2E")&gt;, &lt;selenium.webdriver.remote.webelement.WebElement (session="64a91e1ef587d1b700afa7c9a5e95772b1b527e3", element="node-953808BD-C066-4B98-898C-5B96E2CF6992")&gt;, &lt;selenium.webdriver.remote.webelement.WebElement (session="64a91e1ef587d1b700afa7c9a5e95772b1b527e3", element="node-F0029794-CBF6-47A2-BE65-65FE675ABA13")&gt;, &lt;selenium.webdriver.remote.webelement.WebElement (session="64a91e1ef587d1b700afa7c9a5e95772b1b527e3", element="node-4833E3B9-D55C-4F15-A4D0-37B35289D74D")&gt;, &lt;selenium.webdriver.remote.webelement.WebElement (session="64a91e1ef587d1b700afa7c9a5e95772b1b527e3", element="node-E09AD28D-7C36-4527-A2CE-E3C489D0649D")&gt;, &lt;selenium.webdriver.remote.webelement.WebElement (session="64a91e1ef587d1b700afa7c9a5e95772b1b527e3", element="node-E17C260A-63E6-4E7B-82BE-18F870D14EA6")&gt;, &lt;selenium.webdriver.remote.webelement.WebElement (session="64a91e1ef587d1b700afa7c9a5e95772b1b527e3", element="node-EFF9925F-EB20-4AB6-9F92-228987FC6900")&gt;, &lt;selenium.webdriver.remote.webelement.WebElement (session="64a91e1ef587d1b700afa7c9a5e95772b1b527e3", element="node-240C7C68-8ED5-4232-A9D4-A9E85C5CBA12")&gt;, &lt;selenium.webdriver.remote.webelement.WebElement (session="64a91e1ef587d1b700afa7c9a5e95772b1b527e3", element="node-70565BC6-BC07-4402-A784-B6B1AE1B9433")&gt;, &lt;selenium.webdriver.remote.webelement.WebElement (session="64a91e1ef587d1b700afa7c9a5e95772b1b527e3", element="node-CEAA4846-B455-4FBA-ABA7-7EB296EC435C")&gt;, &lt;selenium.webdriver.remote.webelement.WebElement (session="64a91e1ef587d1b700afa7c9a5e95772b1b527e3", element="node-7E52FCAC-23EC-46DD-BABE-3CBF92A26985")&gt;, &lt;selenium.webdriver.remote.webelement.WebElement (session="64a91e1ef587d1b700afa7c9a5e95772b1b527e3", element="node-74318B2E-A26F-4A11-88B1-73D3569CC952")&gt;, &lt;selenium.webdriver.remote.webelement.WebElement (session="64a91e1ef587d1b700afa7c9a5e95772b1b527e3", element="node-08FF555D-79F5-4079-98F4-9FF343F3F64C")&gt;, &lt;selenium.webdriver.remote.webelement.WebElement (session="64a91e1ef587d1b700afa7c9a5e95772b1b527e3", element="node-825745F9-6C0D-4E46-9BF9-35133A38FAB2")&gt;, &lt;selenium.webdriver.remote.webelement.WebElement (session="64a91e1ef587d1b700afa7c9a5e95772b1b527e3", element="node-F7051095-1619-403A-A093-03197E3BBDC9")&gt;, &lt;selenium.webdriver.remote.webelement.WebElement (session="64a91e1ef587d1b700afa7c9a5e95772b1b527e3", element="node-BF7B9571-0E3F-42DB-BD60-C8D4A0DE7278")&gt;, &lt;selenium.webdriver.remote.webelement.WebElement (session="64a91e1ef587d1b700afa7c9a5e95772b1b527e3", element="node-7C86F4C2-2607-4718-A334-243B5D4C4DAC")&gt;, &lt;selenium.webdriver.remote.webelement.WebElement (session="64a91e1ef587d1b700afa7c9a5e95772b1b527e3", element="node-8493BD1C-025E-4547-AB41-3BCDB649E35A")&gt;, &lt;selenium.webdriver.remote.webelement.WebElement (session="64a91e1ef587d1b700afa7c9a5e95772b1b527e3", element="node-FC54095C-94E2-4E26-B35A-0182B7501F6D")&gt;, &lt;selenium.webdriver.remote.webelement.WebElement (session="64a91e1ef587d1b700afa7c9a5e95772b1b527e3", element="node-D7992BD7-FBF0-49AC-AFF2-479DF7D859DA")&gt;, &lt;selenium.webdriver.remote.webelement.WebElement (session="64a91e1ef587d1b700afa7c9a5e95772b1b527e3", element="node-22E8C4C9-FCBA-4D7A-A2C8-C215A218D7BD")&gt;, &lt;selenium.webdriver.remote.webelement.WebElement (session="64a91e1ef587d1b700afa7c9a5e95772b1b527e3", element="node-F7CA42E5-8F3A-4DDA-856D-7A00599C779D")&gt;, &lt;selenium.webdriver.remote.webelement.WebElement (session="64a91e1ef587d1b700afa7c9a5e95772b1b527e3", element="node-9219E3E6-AD80-4F91-B00F-61FFA38E4CF3")&gt;, &lt;selenium.webdriver.remote.webelement.WebElement (session="64a91e1ef587d1b700afa7c9a5e95772b1b527e3", element="node-ABE7DDA9-847A-4595-B736-EDEB05D0603C")&gt;, &lt;selenium.webdriver.remote.webelement.WebElement (session="64a91e1ef587d1b700afa7c9a5e95772b1b527e3", element="node-03D82693-93E1-4BA0-A59B-8121FE9918B6")&gt;, &lt;selenium.webdriver.remote.webelement.WebElement (session="64a91e1ef587d1b700afa7c9a5e95772b1b527e3", element="node-6E0022B6-4855-44B7-8336-B97E5823394C")&gt;, &lt;selenium.webdriver.remote.webelement.WebElement (session="64a91e1ef587d1b700afa7c9a5e95772b1b527e3", element="node-36CFDAD7-2A3D-4868-A4C8-F7011A748AA5")&gt;, &lt;selenium.webdriver.remote.webelement.WebElement (session="64a91e1ef587d1b700afa7c9a5e95772b1b527e3", element="node-77749972-9941-4E86-9E95-DF581492171F")&gt;, &lt;selenium.webdriver.remote.webelement.WebElement (session="64a91e1ef587d1b700afa7c9a5e95772b1b527e3", element="node-E1CF371F-A752-469D-9908-14FD38211DD0")&gt;, &lt;selenium.webdriver.remote.webelement.WebElement (session="64a91e1ef587d1b700afa7c9a5e95772b1b527e3", element="node-0455DF22-AD57-418E-84EB-9245045AC9CF")&gt;, &lt;selenium.webdriver.remote.webelement.WebElement (session="64a91e1ef587d1b700afa7c9a5e95772b1b527e3", element="node-F63F1C7C-E990-4CC7-9381-D2E6E4606983")&gt;, &lt;selenium.webdriver.remote.webelement.WebElement (session="64a91e1ef587d1b700afa7c9a5e95772b1b527e3", element="node-E3ADA882-BA4E-4F75-9A65-B628200CA20E")&gt;, &lt;selenium.webdriver.remote.webelement.WebElement (session="64a91e1ef587d1b700afa7c9a5e95772b1b527e3", element="node-01BC602D-638E-4E3E-849D-CCFACE93BC49")&gt;]</msg>
<arg>Titles Elements: ${titles_elements}</arg>
<doc>Logs the given message with the given level.</doc>
<status status="PASS" start="2025-07-16T14:36:47.610509" elapsed="0.002460"/>
</kw>
<kw name="Create List" owner="BuiltIn">
<msg time="2025-07-16T14:36:47.615050" level="INFO">${titles} = []</msg>
<var>${titles}</var>
<doc>Returns a list containing given items.</doc>
<status status="PASS" start="2025-07-16T14:36:47.614399" elapsed="0.002284"/>
</kw>
<kw name="Create List" owner="BuiltIn">
<msg time="2025-07-16T14:36:47.619246" level="INFO">${contents} = []</msg>
<var>${contents}</var>
<doc>Returns a list containing given items.</doc>
<status status="PASS" start="2025-07-16T14:36:47.618624" elapsed="0.001243"/>
</kw>
<kw name="Create List" owner="BuiltIn">
<msg time="2025-07-16T14:36:47.621449" level="INFO">${image_urls} = []</msg>
<var>${image_urls}</var>
<doc>Returns a list containing given items.</doc>
<status status="PASS" start="2025-07-16T14:36:47.620963" elapsed="0.001106"/>
</kw>
<for flavor="IN RANGE">
<iter>
<kw name="Get Text" owner="SeleniumLibrary">
<msg time="2025-07-16T14:36:47.665112" level="INFO">${title} = Los aranceles de Trump ya se empiezan a sentir en el bolsillo: la inflación escala al 2,7% en junio en Estados Unidos</msg>
<var>${title}</var>
<arg>${titles_elements[${index}]}</arg>
<doc>Returns the text value of the element identified by ``locator``.</doc>
<status status="PASS" start="2025-07-16T14:36:47.624388" elapsed="0.041566"/>
</kw>
<kw name="Get Text" owner="SeleniumLibrary">
<msg time="2025-07-16T14:36:47.719145" level="INFO">${content} = Los economistas esperaban esta lectura como el primer reflejo real de la guerra comercial de Washington en los precios que pagan los consumidores</msg>
<var>${content}</var>
<arg>${contents_elements[${index}]}</arg>
<doc>Returns the text value of the element identified by ``locator``.</doc>
<status status="PASS" start="2025-07-16T14:36:47.667471" elapsed="0.052809"/>
</kw>
<kw name="Get Element Attribute" owner="SeleniumLibrary">
<msg time="2025-07-16T14:36:47.775252" level="INFO">${image_src} = https://imagenes.elpais.com/resizer/v2/EAML3435KFCHTBYZOHUKX2ILLU.JPG?auth=4e8d8652848d088b95b485b0cbf8c2d75078f74c08104d47c48c555b4c08bcec&amp;width=414&amp;height=233&amp;smart=true</msg>
<var>${image_src}</var>
<arg>${images_elements[${index}]}</arg>
<arg>src</arg>
<doc>Returns the value of ``attribute`` from the element ``locator``.</doc>
<status status="PASS" start="2025-07-16T14:36:47.722281" elapsed="0.054181"/>
</kw>
<kw name="Append To List" owner="Collections">
<arg>${titles}</arg>
<arg>${title}</arg>
<doc>Adds ``values`` to the end of ``list``.</doc>
<status status="PASS" start="2025-07-16T14:36:47.779521" elapsed="0.001678"/>
</kw>
<kw name="Append To List" owner="Collections">
<arg>${contents}</arg>
<arg>${content}</arg>
<doc>Adds ``values`` to the end of ``list``.</doc>
<status status="PASS" start="2025-07-16T14:36:47.783186" elapsed="0.000951"/>
</kw>
<kw name="Append To List" owner="Collections">
<arg>${image_urls}</arg>
<arg>${image_src}</arg>
<doc>Adds ``values`` to the end of ``list``.</doc>
<status status="PASS" start="2025-07-16T14:36:47.785600" elapsed="0.000663"/>
</kw>
<var name="${index}">0</var>
<status status="PASS" start="2025-07-16T14:36:47.623871" elapsed="0.163548"/>
</iter>
<iter>
<kw name="Get Text" owner="SeleniumLibrary">
<msg time="2025-07-16T14:36:47.845796" level="INFO">${title} = La Casa Blanca eleva su presión sobre Powell, a quien ya están buscando sustituto</msg>
<var>${title}</var>
<arg>${titles_elements[${index}]}</arg>
<doc>Returns the text value of the element identified by ``locator``.</doc>
<status status="PASS" start="2025-07-16T14:36:47.789321" elapsed="0.057837"/>
</kw>
<kw name="Get Text" owner="SeleniumLibrary">
<msg time="2025-07-16T14:36:48.004620" level="INFO">${content} = Las declaraciones de Marta Elena Feitó provocan una oleada de indignación y la desautorización del propio Díaz-Canel </msg>
<var>${content}</var>
<arg>${contents_elements[${index}]}</arg>
<doc>Returns the text value of the element identified by ``locator``.</doc>
<status status="PASS" start="2025-07-16T14:36:47.852446" elapsed="0.153220"/>
</kw>
<kw name="Get Element Attribute" owner="SeleniumLibrary">
<msg time="2025-07-16T14:36:48.055690" level="INFO">${image_src} = https://imagenes.elpais.com/resizer/v2/ILX2TKNHMRDH3P4RFZPMHOBFUE.png?auth=1d42af55924255414f7a47e3be813255b5842653fcf9bf14018100d2ce4d59dd&amp;width=414&amp;height=233&amp;smart=true</msg>
<var>${image_src}</var>
<arg>${images_elements[${index}]}</arg>
<arg>src</arg>
<doc>Returns the value of ``attribute`` from the element ``locator``.</doc>
<status status="PASS" start="2025-07-16T14:36:48.007593" elapsed="0.049164"/>
</kw>
<kw name="Append To List" owner="Collections">
<arg>${titles}</arg>
<arg>${title}</arg>
<doc>Adds ``values`` to the end of ``list``.</doc>
<status status="PASS" start="2025-07-16T14:36:48.058744" elapsed="0.001216"/>
</kw>
<kw name="Append To List" owner="Collections">
<arg>${contents}</arg>
<arg>${content}</arg>
<doc>Adds ``values`` to the end of ``list``.</doc>
<status status="PASS" start="2025-07-16T14:36:48.061921" elapsed="0.001330"/>
</kw>
<kw name="Append To List" owner="Collections">
<arg>${image_urls}</arg>
<arg>${image_src}</arg>
<doc>Adds ``values`` to the end of ``list``.</doc>
<status status="PASS" start="2025-07-16T14:36:48.065224" elapsed="0.000757"/>
</kw>
<var name="${index}">1</var>
<status status="PASS" start="2025-07-16T14:36:47.788731" elapsed="0.278443"/>
</iter>
<iter>
<kw name="Get Text" owner="SeleniumLibrary">
<msg time="2025-07-16T14:36:48.111716" level="INFO">${title} = La guerra del tomate: el presidente rompe un viejo tratado para golpear a México con más aranceles</msg>
<var>${title}</var>
<arg>${titles_elements[${index}]}</arg>
<doc>Returns the text value of the element identified by ``locator``.</doc>
<status status="PASS" start="2025-07-16T14:36:48.069051" elapsed="0.043879"/>
</kw>
<kw name="Get Text" owner="SeleniumLibrary">
<msg time="2025-07-16T14:36:48.153803" level="INFO">${content} = El guía alemán logra su propósito en el Nanga Parbat, en Pakistán, al quinto intento, en compañía de dos esquiadores extremos, quienes firman el primer descenso con tablas desde la misma cima</msg>
<var>${content}</var>
<arg>${contents_elements[${index}]}</arg>
<doc>Returns the text value of the element identified by ``locator``.</doc>
<status status="PASS" start="2025-07-16T14:36:48.114968" elapsed="0.039799"/>
</kw>
<kw name="Get Element Attribute" owner="SeleniumLibrary">
<msg time="2025-07-16T14:36:48.203020" level="INFO">${image_src} = https://imagenes.elpais.com/resizer/v2/VXRNSXC6OBASRKDASCVBDQ2JQQ.png?auth=eb5b22f1bef2d67a3c8c2832d06421a98d6d2aa81d6354f89989a837377ce6d3&amp;width=414&amp;height=233&amp;focal=1204%2C764</msg>
<var>${image_src}</var>
<arg>${images_elements[${index}]}</arg>
<arg>src</arg>
<doc>Returns the value of ``attribute`` from the element ``locator``.</doc>
<status status="PASS" start="2025-07-16T14:36:48.156431" elapsed="0.047555"/>
</kw>
<kw name="Append To List" owner="Collections">
<arg>${titles}</arg>
<arg>${title}</arg>
<doc>Adds ``values`` to the end of ``list``.</doc>
<status status="PASS" start="2025-07-16T14:36:48.205843" elapsed="0.001102"/>
</kw>
<kw name="Append To List" owner="Collections">
<arg>${contents}</arg>
<arg>${content}</arg>
<doc>Adds ``values`` to the end of ``list``.</doc>
<status status="PASS" start="2025-07-16T14:36:48.208903" elapsed="0.001344"/>
</kw>
<kw name="Append To List" owner="Collections">
<arg>${image_urls}</arg>
<arg>${image_src}</arg>
<doc>Adds ``values`` to the end of ``list``.</doc>
<status status="PASS" start="2025-07-16T14:36:48.212157" elapsed="0.000781"/>
</kw>
<var name="${index}">2</var>
<status status="PASS" start="2025-07-16T14:36:48.068440" elapsed="0.145691"/>
</iter>
<iter>
<kw name="Get Text" owner="SeleniumLibrary">
<msg time="2025-07-16T14:36:48.273543" level="INFO">${title} = Moscú avisa al presidente estadounidense de que sus mensajes contra Putin dan falsas esperanzas a Ucrania</msg>
<var>${title}</var>
<arg>${titles_elements[${index}]}</arg>
<doc>Returns the text value of the element identified by ``locator``.</doc>
<status status="PASS" start="2025-07-16T14:36:48.215977" elapsed="0.058766"/>
</kw>
<kw name="Get Text" owner="SeleniumLibrary">
<msg time="2025-07-16T14:36:48.324400" level="INFO">${content} = El político demócrata conversa con EL PAÍS sobre su estrategia para cambiar el rumbo del Estado</msg>
<var>${content}</var>
<arg>${contents_elements[${index}]}</arg>
<doc>Returns the text value of the element identified by ``locator``.</doc>
<status status="PASS" start="2025-07-16T14:36:48.276996" elapsed="0.048410"/>
</kw>
<kw name="Get Element Attribute" owner="SeleniumLibrary">
<msg time="2025-07-16T14:36:48.371414" level="INFO">${image_src} = https://imagenes.elpais.com/resizer/v2/LAWOTXU7C5EDHGNXEZITZ4MF6A.jpg?auth=2a7dca887c57c77da13e146196da97b4b18c88c0f680b9a026d699e99c59f0a7&amp;width=414&amp;height=233&amp;smart=true</msg>
<var>${image_src}</var>
<arg>${images_elements[${index}]}</arg>
<arg>src</arg>
<doc>Returns the value of ``attribute`` from the element ``locator``.</doc>
<status status="PASS" start="2025-07-16T14:36:48.327237" elapsed="0.045221"/>
</kw>
<kw name="Append To List" owner="Collections">
<arg>${titles}</arg>
<arg>${title}</arg>
<doc>Adds ``values`` to the end of ``list``.</doc>
<status status="PASS" start="2025-07-16T14:36:48.374645" elapsed="0.001189"/>
</kw>
<kw name="Append To List" owner="Collections">
<arg>${contents}</arg>
<arg>${content}</arg>
<doc>Adds ``values`` to the end of ``list``.</doc>
<status status="PASS" start="2025-07-16T14:36:48.377736" elapsed="0.000837"/>
</kw>
<kw name="Append To List" owner="Collections">
<arg>${image_urls}</arg>
<arg>${image_src}</arg>
<doc>Adds ``values`` to the end of ``list``.</doc>
<status status="PASS" start="2025-07-16T14:36:48.379934" elapsed="0.000822"/>
</kw>
<var name="${index}">3</var>
<status status="PASS" start="2025-07-16T14:36:48.215417" elapsed="0.166739"/>
</iter>
<iter>
<kw name="Get Text" owner="SeleniumLibrary">
<msg time="2025-07-16T14:36:48.436768" level="INFO">${title} = Dos congresistas latinas presentan una ambiciosa propuesta bipartidista de reforma migratoria</msg>
<var>${title}</var>
<arg>${titles_elements[${index}]}</arg>
<doc>Returns the text value of the element identified by ``locator``.</doc>
<status status="PASS" start="2025-07-16T14:36:48.384016" elapsed="0.053852"/>
</kw>
<kw name="Get Text" owner="SeleniumLibrary">
<msg time="2025-07-16T14:36:48.481007" level="INFO">${content} = La Administración redobla su apuesta por la innovación con millonarios contratos ‘estratégicos’ del Pentágono a OpenAI, Google y xAI, la empresa de IA de Musk</msg>
<var>${content}</var>
<arg>${contents_elements[${index}]}</arg>
<doc>Returns the text value of the element identified by ``locator``.</doc>
<status status="PASS" start="2025-07-16T14:36:48.439760" elapsed="0.042297"/>
</kw>
<kw name="Get Element Attribute" owner="SeleniumLibrary">
<msg time="2025-07-16T14:36:48.530298" level="INFO">${image_src} = https://imagenes.elpais.com/resizer/v2/6PA32NKC2RFOJK6YDXF5QXCKEA.jpg?auth=d6d04ce05a55a168f0190841fbc02045f039c0b44ee508ddb71e0bbd2ad0c76d&amp;width=414&amp;height=233&amp;smart=true</msg>
<var>${image_src}</var>
<arg>${images_elements[${index}]}</arg>
<arg>src</arg>
<doc>Returns the value of ``attribute`` from the element ``locator``.</doc>
<status status="PASS" start="2025-07-16T14:36:48.483808" elapsed="0.047967"/>
</kw>
<kw name="Append To List" owner="Collections">
<arg>${titles}</arg>
<arg>${title}</arg>
<doc>Adds ``values`` to the end of ``list``.</doc>
<status status="PASS" start="2025-07-16T14:36:48.534071" elapsed="0.000987"/>
</kw>
<kw name="Append To List" owner="Collections">
<arg>${contents}</arg>
<arg>${content}</arg>
<doc>Adds ``values`` to the end of ``list``.</doc>
<status status="PASS" start="2025-07-16T14:36:48.536618" elapsed="0.000659"/>
</kw>
<kw name="Append To List" owner="Collections">
<arg>${image_urls}</arg>
<arg>${image_src}</arg>
<doc>Adds ``values`` to the end of ``list``.</doc>
<status status="PASS" start="2025-07-16T14:36:48.538639" elapsed="0.000654"/>
</kw>
<var name="${index}">4</var>
<status status="PASS" start="2025-07-16T14:36:48.383459" elapsed="0.157136"/>
</iter>
<var>${index}</var>
<value>0</value>
<value>5</value>
<status status="PASS" start="2025-07-16T14:36:47.623157" elapsed="0.918604"/>
</for>
<kw name="Log" owner="BuiltIn">
<msg time="2025-07-16T14:36:48.543733" level="INFO">Titles: ['Los aranceles de Trump ya se empiezan a sentir en el bolsillo: la inflación escala al 2,7% en junio en Estados Unidos', 'La Casa Blanca eleva su presión sobre Powell, a quien ya están buscando sustituto', 'La guerra del tomate: el presidente rompe un viejo tratado para golpear a México con más aranceles', 'Moscú avisa al presidente estadounidense de que sus mensajes contra Putin dan falsas esperanzas a Ucrania', 'Dos congresistas latinas presentan una ambiciosa propuesta bipartidista de reforma migratoria']</msg>
<arg>Titles: ${titles}</arg>
<doc>Logs the given message with the given level.</doc>
<status status="PASS" start="2025-07-16T14:36:48.543084" elapsed="0.001413"/>
</kw>
<kw name="Log" owner="BuiltIn">
<msg time="2025-07-16T14:36:48.546340" level="INFO">Contents: ['Los economistas esperaban esta lectura como el primer reflejo real de la guerra comercial de Washington en los precios que pagan los consumidores', 'Las declaraciones de Marta Elena Feitó provocan una oleada de indignación y la desautorización del propio Díaz-Canel ', 'El guía alemán logra su propósito en\xa0el Nanga Parbat, en Pakistán, al quinto intento, en compañía de dos esquiadores extremos, quienes firman el primer descenso con tablas desde la misma cima', 'El político demócrata conversa con EL PAÍS sobre su estrategia para cambiar el rumbo del Estado', 'La Administración redobla su apuesta por la innovación con millonarios contratos ‘estratégicos’ del Pentágono a OpenAI, Google y xAI, la empresa de IA de Musk']</msg>
<arg>Contents: ${contents}</arg>
<doc>Logs the given message with the given level.</doc>
<status status="PASS" start="2025-07-16T14:36:48.545750" elapsed="0.001225"/>
</kw>
<kw name="Log" owner="BuiltIn">
<msg time="2025-07-16T14:36:48.548558" level="INFO">Image URLs: ['https://imagenes.elpais.com/resizer/v2/EAML3435KFCHTBYZOHUKX2ILLU.JPG?auth=4e8d8652848d088b95b485b0cbf8c2d75078f74c08104d47c48c555b4c08bcec&amp;width=414&amp;height=233&amp;smart=true', 'https://imagenes.elpais.com/resizer/v2/ILX2TKNHMRDH3P4RFZPMHOBFUE.png?auth=1d42af55924255414f7a47e3be813255b5842653fcf9bf14018100d2ce4d59dd&amp;width=414&amp;height=233&amp;smart=true', 'https://imagenes.elpais.com/resizer/v2/VXRNSXC6OBASRKDASCVBDQ2JQQ.png?auth=eb5b22f1bef2d67a3c8c2832d06421a98d6d2aa81d6354f89989a837377ce6d3&amp;width=414&amp;height=233&amp;focal=1204%2C764', 'https://imagenes.elpais.com/resizer/v2/LAWOTXU7C5EDHGNXEZITZ4MF6A.jpg?auth=2a7dca887c57c77da13e146196da97b4b18c88c0f680b9a026d699e99c59f0a7&amp;width=414&amp;height=233&amp;smart=true', 'https://imagenes.elpais.com/resizer/v2/6PA32NKC2RFOJK6YDXF5QXCKEA.jpg?auth=d6d04ce05a55a168f0190841fbc02045f039c0b44ee508ddb71e0bbd2ad0c76d&amp;width=414&amp;height=233&amp;smart=true']</msg>
<arg>Image URLs: ${image_urls}</arg>
<doc>Logs the given message with the given level.</doc>
<status status="PASS" start="2025-07-16T14:36:48.548063" elapsed="0.001155"/>
</kw>
<return>
<value>${titles}</value>
<value>${contents}</value>
<value>${image_urls}</value>
<status status="PASS" start="2025-07-16T14:36:48.550199" elapsed="0.000384"/>
</return>
<msg time="2025-07-16T14:36:48.551715" level="INFO">${titles} = ['Los aranceles de Trump ya se empiezan a sentir en el bolsillo: la inflación escala al 2,7% en junio en Estados Unidos', 'La Casa Blanca eleva su presión sobre Powell, a quien ya están buscando susti...</msg>
<msg time="2025-07-16T14:36:48.552336" level="INFO">${contents} = ['Los economistas esperaban esta lectura como el primer reflejo real de la guerra comercial de Washington en los precios que pagan los consumidores', 'Las declaraciones de Marta Elena Feitó provocan u...</msg>
<msg time="2025-07-16T14:36:48.552932" level="INFO">${image_urls} = ['https://imagenes.elpais.com/resizer/v2/EAML3435KFCHTBYZOHUKX2ILLU.JPG?auth=4e8d8652848d088b95b485b0cbf8c2d75078f74c08104d47c48c555b4c08bcec&amp;width=414&amp;height=233&amp;smart=true', 'https://imagenes.elpais...</msg>
<var>${titles}</var>
<var>${contents}</var>
<var>${image_urls}</var>
<doc>Fetches the first five articles from the Opinion section</doc>
<status status="PASS" start="2025-07-16T14:36:47.243212" elapsed="1.310402"/>
</kw>
<kw name="Log To Console" owner="BuiltIn">
<arg>Titles: ${titles}</arg>
<doc>Logs the given message to the console.</doc>
<status status="PASS" start="2025-07-16T14:36:48.554274" elapsed="0.001517"/>
</kw>
<kw name="Log To Console" owner="BuiltIn">
<arg>Contents: ${contents}</arg>
<doc>Logs the given message to the console.</doc>
<status status="PASS" start="2025-07-16T14:36:48.556301" elapsed="0.000642"/>
</kw>
<kw name="Log To Console" owner="BuiltIn">
<arg>Image URLs: ${image_urls}</arg>
<doc>Logs the given message to the console.</doc>
<status status="PASS" start="2025-07-16T14:36:48.557402" elapsed="0.000501"/>
</kw>
<kw name="Download Images" owner="keywords">
<kw name="Log To Console" owner="BuiltIn">
<arg>Starting Image Download Process...</arg>
<doc>Logs the given message to the console.</doc>
<status status="PASS" start="2025-07-16T14:36:48.559104" elapsed="0.000417"/>
</kw>
<kw name="Create Directory" owner="OperatingSystem">
<msg time="2025-07-16T14:36:48.560916" level="INFO" html="true">Directory '&lt;a href="file:///Users/christopherthomas/PycharmProjects/PythonProject/BrowserstackProject/Downloads"&gt;/Users/christopherthomas/PycharmProjects/PythonProject/BrowserstackProject/Downloads&lt;/a&gt;' already exists.</msg>
<arg>${DOWNLOADS_DIR}</arg>
<doc>Creates the specified directory.</doc>
<status status="PASS" start="2025-07-16T14:36:48.560411" elapsed="0.000593"/>
</kw>
<kw name="Set Variable" owner="BuiltIn">
<msg time="2025-07-16T14:36:48.562313" level="INFO">${index} = 1</msg>
<var>${index}</var>
<arg>1</arg>
<doc>Returns the given values which can then be assigned to a variables.</doc>
<status status="PASS" start="2025-07-16T14:36:48.561895" elapsed="0.000913"/>
</kw>
<for flavor="IN">
<iter>
<kw name="Log To Console" owner="BuiltIn">
<arg>Processing Image URL: ${url}</arg>
<doc>Logs the given message to the console.</doc>
<status status="PASS" start="2025-07-16T14:36:48.564463" elapsed="0.000468"/>
</kw>
<kw name="Set Variable" owner="BuiltIn">
<msg time="2025-07-16T14:36:48.566766" level="INFO">${filename} = Image1.jpg</msg>
<var>${filename}</var>
<arg>Image${index}.jpg</arg>
<doc>Returns the given values which can then be assigned to a variables.</doc>
<status status="PASS" start="2025-07-16T14:36:48.565864" elapsed="0.001404"/>
</kw>
<kw name="Evaluate" owner="BuiltIn">
<msg time="2025-07-16T14:36:48.568601" level="INFO">${filepath} = /Users/christopherthomas/PycharmProjects/PythonProject/BrowserstackProject/Downloads/Image1.jpg</msg>
<var>${filepath}</var>
<arg>os.path.join('${DOWNLOADS_DIR}', '${filename}')</arg>
<doc>Evaluates the given expression in Python and returns the result.</doc>
<status status="PASS" start="2025-07-16T14:36:48.568128" elapsed="0.000910"/>
</kw>
<kw name="Run Keyword If" owner="BuiltIn">
<kw name="Download File" owner="CustomLibrary">
<arg>${url}</arg>
<arg>${filepath}</arg>
<doc>Download a file from the specified URL to the given filepath.</doc>
<status status="PASS" start="2025-07-16T14:36:48.570272" elapsed="0.543163"/>
</kw>
<arg>'${url}' != ''</arg>
<arg>CustomLibrary.Download File</arg>
<arg>${url}</arg>
<arg>${filepath}</arg>
<doc>Runs the given keyword with the given arguments, if ``condition`` is true.</doc>
<status status="PASS" start="2025-07-16T14:36:48.569818" elapsed="0.545119"/>
</kw>
<kw name="Log To Console" owner="BuiltIn">
<arg>Downloaded Image to: ${filepath}</arg>
<doc>Logs the given message to the console.</doc>
<status status="PASS" start="2025-07-16T14:36:49.116379" elapsed="0.000823"/>
</kw>
<kw name="Evaluate" owner="BuiltIn">
<msg time="2025-07-16T14:36:49.119013" level="INFO">${index} = 2</msg>
<var>${index}</var>
<arg>${index} + 1</arg>
<doc>Evaluates the given expression in Python and returns the result.</doc>
<status status="PASS" start="2025-07-16T14:36:49.118420" elapsed="0.001200"/>
</kw>
<var name="${url}">https://imagenes.elpais.com/resizer/v2/EAML3435KFCHTBYZOHUKX2ILLU.JPG?auth=4e8d8652848d088b95b485b0cbf8c2d75078f74c08104d47c48c555b4c08bcec&amp;width=414&amp;height=233&amp;smart=true</var>
<status status="PASS" start="2025-07-16T14:36:48.564085" elapsed="0.556495"/>
</iter>
<iter>
<kw name="Log To Console" owner="BuiltIn">
<arg>Processing Image URL: ${url}</arg>
<doc>Logs the given message to the console.</doc>
<status status="PASS" start="2025-07-16T14:36:49.122098" elapsed="0.000547"/>
</kw>
<kw name="Set Variable" owner="BuiltIn">
<msg time="2025-07-16T14:36:49.124242" level="INFO">${filename} = Image2.jpg</msg>
<var>${filename}</var>
<arg>Image${index}.jpg</arg>
<doc>Returns the given values which can then be assigned to a variables.</doc>
<status status="PASS" start="2025-07-16T14:36:49.123697" elapsed="0.001121"/>
</kw>
<kw name="Evaluate" owner="BuiltIn">
<msg time="2025-07-16T14:36:49.126439" level="INFO">${filepath} = /Users/christopherthomas/PycharmProjects/PythonProject/BrowserstackProject/Downloads/Image2.jpg</msg>
<var>${filepath}</var>
<arg>os.path.join('${DOWNLOADS_DIR}', '${filename}')</arg>
<doc>Evaluates the given expression in Python and returns the result.</doc>
<status status="PASS" start="2025-07-16T14:36:49.125842" elapsed="0.001180"/>
</kw>
<kw name="Run Keyword If" owner="BuiltIn">
<kw name="Download File" owner="CustomLibrary">
<arg>${url}</arg>
<arg>${filepath}</arg>
<doc>Download a file from the specified URL to the given filepath.</doc>
<status status="PASS" start="2025-07-16T14:36:49.128673" elapsed="0.059001"/>
</kw>
<arg>'${url}' != ''</arg>
<arg>CustomLibrary.Download File</arg>
<arg>${url}</arg>
<arg>${filepath}</arg>
<doc>Runs the given keyword with the given arguments, if ``condition`` is true.</doc>
<status status="PASS" start="2025-07-16T14:36:49.128068" elapsed="0.061070"/>
</kw>
<kw name="Log To Console" owner="BuiltIn">
<arg>Downloaded Image to: ${filepath}</arg>
<doc>Logs the given message to the console.</doc>
<status status="PASS" start="2025-07-16T14:36:49.190501" elapsed="0.000802"/>
</kw>
<kw name="Evaluate" owner="BuiltIn">
<msg time="2025-07-16T14:36:49.193303" level="INFO">${index} = 3</msg>
<var>${index}</var>
<arg>${index} + 1</arg>
<doc>Evaluates the given expression in Python and returns the result.</doc>
<status status="PASS" start="2025-07-16T14:36:49.192586" elapsed="0.001446"/>
</kw>
<var name="${url}">https://imagenes.elpais.com/resizer/v2/ILX2TKNHMRDH3P4RFZPMHOBFUE.png?auth=1d42af55924255414f7a47e3be813255b5842653fcf9bf14018100d2ce4d59dd&amp;width=414&amp;height=233&amp;smart=true</var>
<status status="PASS" start="2025-07-16T14:36:49.121627" elapsed="0.073582"/>
</iter>
<iter>
<kw name="Log To Console" owner="BuiltIn">
<arg>Processing Image URL: ${url}</arg>
<doc>Logs the given message to the console.</doc>
<status status="PASS" start="2025-07-16T14:36:49.196952" elapsed="0.000539"/>
</kw>
<kw name="Set Variable" owner="BuiltIn">
<msg time="2025-07-16T14:36:49.199039" level="INFO">${filename} = Image3.jpg</msg>
<var>${filename}</var>
<arg>Image${index}.jpg</arg>
<doc>Returns the given values which can then be assigned to a variables.</doc>
<status status="PASS" start="2025-07-16T14:36:49.198516" elapsed="0.001204"/>
</kw>
<kw name="Evaluate" owner="BuiltIn">
<msg time="2025-07-16T14:36:49.201330" level="INFO">${filepath} = /Users/christopherthomas/PycharmProjects/PythonProject/BrowserstackProject/Downloads/Image3.jpg</msg>
<var>${filepath}</var>
<arg>os.path.join('${DOWNLOADS_DIR}', '${filename}')</arg>
<doc>Evaluates the given expression in Python and returns the result.</doc>
<status status="PASS" start="2025-07-16T14:36:49.200745" elapsed="0.001169"/>
</kw>
<kw name="Run Keyword If" owner="BuiltIn">
<kw name="Download File" owner="CustomLibrary">
<arg>${url}</arg>
<arg>${filepath}</arg>
<doc>Download a file from the specified URL to the given filepath.</doc>
<status status="PASS" start="2025-07-16T14:36:49.203614" elapsed="0.507407"/>
</kw>
<arg>'${url}' != ''</arg>
<arg>CustomLibrary.Download File</arg>
<arg>${url}</arg>
<arg>${filepath}</arg>
<doc>Runs the given keyword with the given arguments, if ``condition`` is true.</doc>
<status status="PASS" start="2025-07-16T14:36:49.203005" elapsed="0.509840"/>
</kw>
<kw name="Log To Console" owner="BuiltIn">
<arg>Downloaded Image to: ${filepath}</arg>
<doc>Logs the given message to the console.</doc>
<status status="PASS" start="2025-07-16T14:36:49.714258" elapsed="0.000835"/>
</kw>
<kw name="Evaluate" owner="BuiltIn">
<msg time="2025-07-16T14:36:49.717091" level="INFO">${index} = 4</msg>
<var>${index}</var>
<arg>${index} + 1</arg>
<doc>Evaluates the given expression in Python and returns the result.</doc>
<status status="PASS" start="2025-07-16T14:36:49.716394" elapsed="0.001414"/>
</kw>
<var name="${url}">https://imagenes.elpais.com/resizer/v2/VXRNSXC6OBASRKDASCVBDQ2JQQ.png?auth=eb5b22f1bef2d67a3c8c2832d06421a98d6d2aa81d6354f89989a837377ce6d3&amp;width=414&amp;height=233&amp;focal=1204%2C764</var>
<status status="PASS" start="2025-07-16T14:36:49.196482" elapsed="0.522516"/>
</iter>
<iter>
<kw name="Log To Console" owner="BuiltIn">
<arg>Processing Image URL: ${url}</arg>
<doc>Logs the given message to the console.</doc>
<status status="PASS" start="2025-07-16T14:36:49.720836" elapsed="0.000645"/>
</kw>
<kw name="Set Variable" owner="BuiltIn">
<msg time="2025-07-16T14:36:49.723179" level="INFO">${filename} = Image4.jpg</msg>
<var>${filename}</var>
<arg>Image${index}.jpg</arg>
<doc>Returns the given values which can then be assigned to a variables.</doc>
<status status="PASS" start="2025-07-16T14:36:49.722641" elapsed="0.001134"/>
</kw>
<kw name="Evaluate" owner="BuiltIn">
<msg time="2025-07-16T14:36:49.725411" level="INFO">${filepath} = /Users/christopherthomas/PycharmProjects/PythonProject/BrowserstackProject/Downloads/Image4.jpg</msg>
<var>${filepath}</var>
<arg>os.path.join('${DOWNLOADS_DIR}', '${filename}')</arg>
<doc>Evaluates the given expression in Python and returns the result.</doc>
<status status="PASS" start="2025-07-16T14:36:49.724808" elapsed="0.001182"/>
</kw>
<kw name="Run Keyword If" owner="BuiltIn">
<kw name="Download File" owner="CustomLibrary">
<arg>${url}</arg>
<arg>${filepath}</arg>
<doc>Download a file from the specified URL to the given filepath.</doc>
<status status="PASS" start="2025-07-16T14:36:49.727612" elapsed="0.100710"/>
</kw>
<arg>'${url}' != ''</arg>
<arg>CustomLibrary.Download File</arg>
<arg>${url}</arg>
<arg>${filepath}</arg>
<doc>Runs the given keyword with the given arguments, if ``condition`` is true.</doc>
<status status="PASS" start="2025-07-16T14:36:49.727027" elapsed="0.103747"/>
</kw>
<kw name="Log To Console" owner="BuiltIn">
<arg>Downloaded Image to: ${filepath}</arg>
<doc>Logs the given message to the console.</doc>
<status status="PASS" start="2025-07-16T14:36:49.832540" elapsed="0.000937"/>
</kw>
<kw name="Evaluate" owner="BuiltIn">
<msg time="2025-07-16T14:36:49.835453" level="INFO">${index} = 5</msg>
<var>${index}</var>
<arg>${index} + 1</arg>
<doc>Evaluates the given expression in Python and returns the result.</doc>
<status status="PASS" start="2025-07-16T14:36:49.834755" elapsed="0.001411"/>
</kw>
<var name="${url}">https://imagenes.elpais.com/resizer/v2/LAWOTXU7C5EDHGNXEZITZ4MF6A.jpg?auth=2a7dca887c57c77da13e146196da97b4b18c88c0f680b9a026d699e99c59f0a7&amp;width=414&amp;height=233&amp;smart=true</var>
<status status="PASS" start="2025-07-16T14:36:49.720301" elapsed="0.117061"/>
</iter>
<iter>
<kw name="Log To Console" owner="BuiltIn">
<arg>Processing Image URL: ${url}</arg>
<doc>Logs the given message to the console.</doc>
<status status="PASS" start="2025-07-16T14:36:49.839175" elapsed="0.000685"/>
</kw>
<kw name="Set Variable" owner="BuiltIn">
<msg time="2025-07-16T14:36:49.841737" level="INFO">${filename} = Image5.jpg</msg>
<var>${filename}</var>
<arg>Image${index}.jpg</arg>
<doc>Returns the given values which can then be assigned to a variables.</doc>
<status status="PASS" start="2025-07-16T14:36:49.841113" elapsed="0.001220"/>
</kw>
<kw name="Evaluate" owner="BuiltIn">
<msg time="2025-07-16T14:36:49.843943" level="INFO">${filepath} = /Users/christopherthomas/PycharmProjects/PythonProject/BrowserstackProject/Downloads/Image5.jpg</msg>
<var>${filepath}</var>
<arg>os.path.join('${DOWNLOADS_DIR}', '${filename}')</arg>
<doc>Evaluates the given expression in Python and returns the result.</doc>
<status status="PASS" start="2025-07-16T14:36:49.843351" elapsed="0.001173"/>
</kw>
<kw name="Run Keyword If" owner="BuiltIn">
<kw name="Download File" owner="CustomLibrary">
<arg>${url}</arg>
<arg>${filepath}</arg>
<doc>Download a file from the specified URL to the given filepath.</doc>
<status status="PASS" start="2025-07-16T14:36:49.846136" elapsed="0.400507"/>
</kw>
<arg>'${url}' != ''</arg>
<arg>CustomLibrary.Download File</arg>
<arg>${url}</arg>
<arg>${filepath}</arg>
<doc>Runs the given keyword with the given arguments, if ``condition`` is true.</doc>
<status status="PASS" start="2025-07-16T14:36:49.845556" elapsed="0.402283"/>
</kw>
<kw name="Log To Console" owner="BuiltIn">
<arg>Downloaded Image to: ${filepath}</arg>
<doc>Logs the given message to the console.</doc>
<status status="PASS" start="2025-07-16T14:36:50.248924" elapsed="0.000577"/>
</kw>
<kw name="Evaluate" owner="BuiltIn">
<msg time="2025-07-16T14:36:50.250916" level="INFO">${index} = 6</msg>
<var>${index}</var>
<arg>${index} + 1</arg>
<doc>Evaluates the given expression in Python and returns the result.</doc>
<status status="PASS" start="2025-07-16T14:36:50.250406" elapsed="0.001025"/>
</kw>
<var name="${url}">https://imagenes.elpais.com/resizer/v2/6PA32NKC2RFOJK6YDXF5QXCKEA.jpg?auth=d6d04ce05a55a168f0190841fbc02045f039c0b44ee508ddb71e0bbd2ad0c76d&amp;width=414&amp;height=233&amp;smart=true</var>
<status status="PASS" start="2025-07-16T14:36:49.838635" elapsed="0.413631"/>
</iter>
<var>${url}</var>
<value>@{image_urls}</value>
<status status="PASS" start="2025-07-16T14:36:48.563679" elapsed="1.689426"/>
</for>
<arg>@{image_urls}</arg>
<status status="PASS" start="2025-07-16T14:36:48.558476" elapsed="1.695484"/>
</kw>
<kw name="Translate Article Titles" owner="keywords">
<kw name="Log To Console" owner="BuiltIn">
<arg>Titles to Translate: ${titles} #Debugging Purpose</arg>
<doc>Logs the given message to the console.</doc>
<status status="PASS" start="2025-07-16T14:36:50.255271" elapsed="0.000519"/>
</kw>
<kw name="Create List" owner="BuiltIn">
<msg time="2025-07-16T14:36:50.257094" level="INFO">${translated_titles} = []</msg>
<var>${translated_titles}</var>
<doc>Returns a list containing given items.</doc>
<status status="PASS" start="2025-07-16T14:36:50.256688" elapsed="0.000908"/>
</kw>
<for flavor="IN">
<iter>
<kw name="Log To Console" owner="BuiltIn">
<arg>Translating Title: ${title}</arg>
<doc>Logs the given message to the console.</doc>
<status status="PASS" start="2025-07-16T14:36:50.259089" elapsed="0.000388"/>
</kw>
<kw name="Evaluate" owner="BuiltIn">
<msg time="2025-07-16T14:36:50.871629" level="INFO">${translation} = Trump's tariffs are already starting to be felt in the pocketbook: inflation climbs to 2.7% in June in the U.S.</msg>
<var>${translation}</var>
<arg>CustomLibrary.CustomLibrary().translate_text("${title}", "${TARGET_LANGUAGE}", "https://api-free.deepl.com/v2/translate", "${DEEPL_API_KEY}")</arg>
<arg>modules=CustomLibrary</arg>
<doc>Evaluates the given expression in Python and returns the result.</doc>
<status status="PASS" start="2025-07-16T14:36:50.260230" elapsed="0.612436"/>
</kw>
<kw name="Log To Console" owner="BuiltIn">
<arg>Translated Title: ${translation}</arg>
<doc>Logs the given message to the console.</doc>
<status status="PASS" start="2025-07-16T14:36:50.874581" elapsed="0.001263"/>
</kw>
<kw name="Append To List" owner="Collections">
<arg>${translated_titles}</arg>
<arg>${translation}</arg>
<doc>Adds ``values`` to the end of ``list``.</doc>
<status status="PASS" start="2025-07-16T14:36:50.877367" elapsed="0.001327"/>
</kw>
<var name="${title}">Los aranceles de Trump ya se empiezan a sentir en el bolsillo: la inflación escala al 2,7% en junio en Estados Unidos</var>
<status status="PASS" start="2025-07-16T14:36:50.258780" elapsed="0.621446"/>
</iter>
<iter>
<kw name="Log To Console" owner="BuiltIn">
<arg>Translating Title: ${title}</arg>
<doc>Logs the given message to the console.</doc>
<status status="PASS" start="2025-07-16T14:36:50.882346" elapsed="0.000716"/>
</kw>
<kw name="Evaluate" owner="BuiltIn">
<msg time="2025-07-16T14:36:51.490404" level="INFO">${translation} = The White House increases its pressure on Powell, who is already looking for a replacement.</msg>
<var>${translation}</var>
<arg>CustomLibrary.CustomLibrary().translate_text("${title}", "${TARGET_LANGUAGE}", "https://api-free.deepl.com/v2/translate", "${DEEPL_API_KEY}")</arg>
<arg>modules=CustomLibrary</arg>
<doc>Evaluates the given expression in Python and returns the result.</doc>
<status status="PASS" start="2025-07-16T14:36:50.884363" elapsed="0.606802"/>
</kw>
<kw name="Log To Console" owner="BuiltIn">
<arg>Translated Title: ${translation}</arg>
<doc>Logs the given message to the console.</doc>
<status status="PASS" start="2025-07-16T14:36:51.491747" elapsed="0.000392"/>
</kw>
<kw name="Append To List" owner="Collections">
<arg>${translated_titles}</arg>
<arg>${translation}</arg>
<doc>Adds ``values`` to the end of ``list``.</doc>
<status status="PASS" start="2025-07-16T14:36:51.492573" elapsed="0.000238"/>
</kw>
<var name="${title}">La Casa Blanca eleva su presión sobre Powell, a quien ya están buscando sustituto</var>
<status status="PASS" start="2025-07-16T14:36:50.881740" elapsed="0.611481"/>
</iter>
<iter>
<kw name="Log To Console" owner="BuiltIn">
<arg>Translating Title: ${title}</arg>
<doc>Logs the given message to the console.</doc>
<status status="PASS" start="2025-07-16T14:36:51.493827" elapsed="0.000235"/>
</kw>
<kw name="Evaluate" owner="BuiltIn">
<msg time="2025-07-16T14:36:52.108054" level="INFO">${translation} = The tomato war: President breaks old treaty to hit Mexico with more tariffs</msg>
<var>${translation}</var>
<arg>CustomLibrary.CustomLibrary().translate_text("${title}", "${TARGET_LANGUAGE}", "https://api-free.deepl.com/v2/translate", "${DEEPL_API_KEY}")</arg>
<arg>modules=CustomLibrary</arg>
<doc>Evaluates the given expression in Python and returns the result.</doc>
<status status="PASS" start="2025-07-16T14:36:51.494505" elapsed="0.614688"/>
</kw>
<kw name="Log To Console" owner="BuiltIn">
<arg>Translated Title: ${translation}</arg>
<doc>Logs the given message to the console.</doc>
<status status="PASS" start="2025-07-16T14:36:52.111009" elapsed="0.001305"/>
</kw>
<kw name="Append To List" owner="Collections">
<arg>${translated_titles}</arg>
<arg>${translation}</arg>
<doc>Adds ``values`` to the end of ``list``.</doc>
<status status="PASS" start="2025-07-16T14:36:52.114326" elapsed="0.000865"/>
</kw>
<var name="${title}">La guerra del tomate: el presidente rompe un viejo tratado para golpear a México con más aranceles</var>
<status status="PASS" start="2025-07-16T14:36:51.493649" elapsed="0.622809"/>
</iter>
<iter>
<kw name="Log To Console" owner="BuiltIn">
<arg>Translating Title: ${title}</arg>
<doc>Logs the given message to the console.</doc>
<status status="PASS" start="2025-07-16T14:36:52.118370" elapsed="0.001026"/>
</kw>
<kw name="Evaluate" owner="BuiltIn">
<msg time="2025-07-16T14:36:52.703849" level="INFO">${translation} = Moscow warns U.S. president that his anti-Putin messages give false hope to Ukraine</msg>
<var>${translation}</var>
<arg>CustomLibrary.CustomLibrary().translate_text("${title}", "${TARGET_LANGUAGE}", "https://api-free.deepl.com/v2/translate", "${DEEPL_API_KEY}")</arg>
<arg>modules=CustomLibrary</arg>
<doc>Evaluates the given expression in Python and returns the result.</doc>
<status status="PASS" start="2025-07-16T14:36:52.120803" elapsed="0.584323"/>
</kw>
<kw name="Log To Console" owner="BuiltIn">
<arg>Translated Title: ${translation}</arg>
<doc>Logs the given message to the console.</doc>
<status status="PASS" start="2025-07-16T14:36:52.707367" elapsed="0.001119"/>
</kw>
<kw name="Append To List" owner="Collections">
<arg>${translated_titles}</arg>
<arg>${translation}</arg>
<doc>Adds ``values`` to the end of ``list``.</doc>
<status status="PASS" start="2025-07-16T14:36:52.709818" elapsed="0.000704"/>
</kw>
<var name="${title}">Moscú avisa al presidente estadounidense de que sus mensajes contra Putin dan falsas esperanzas a Ucrania</var>
<status status="PASS" start="2025-07-16T14:36:52.117681" elapsed="0.594083"/>
</iter>
<iter>
<kw name="Log To Console" owner="BuiltIn">
<arg>Translating Title: ${title}</arg>
<doc>Logs the given message to the console.</doc>
<status status="PASS" start="2025-07-16T14:36:52.713603" elapsed="0.000703"/>
</kw>
<kw name="Evaluate" owner="BuiltIn">
<msg time="2025-07-16T14:36:53.290731" level="INFO">${translation} = Two Latina congresswomen present ambitious bipartisan immigration reform proposal</msg>
<var>${translation}</var>
<arg>CustomLibrary.CustomLibrary().translate_text("${title}", "${TARGET_LANGUAGE}", "https://api-free.deepl.com/v2/translate", "${DEEPL_API_KEY}")</arg>
<arg>modules=CustomLibrary</arg>
<doc>Evaluates the given expression in Python and returns the result.</doc>
<status status="PASS" start="2025-07-16T14:36:52.715594" elapsed="0.575761"/>
</kw>
<kw name="Log To Console" owner="BuiltIn">
<arg>Translated Title: ${translation}</arg>
<doc>Logs the given message to the console.</doc>
<status status="PASS" start="2025-07-16T14:36:53.292377" elapsed="0.000631"/>
</kw>
<kw name="Append To List" owner="Collections">
<arg>${translated_titles}</arg>
<arg>${translation}</arg>
<doc>Adds ``values`` to the end of ``list``.</doc>
<status status="PASS" start="2025-07-16T14:36:53.293920" elapsed="0.000494"/>
</kw>
<var name="${title}">Dos congresistas latinas presentan una ambiciosa propuesta bipartidista de reforma migratoria</var>
<status status="PASS" start="2025-07-16T14:36:52.713049" elapsed="0.582234"/>
</iter>
<var>${title}</var>
<value>@{titles}</value>
<status status="PASS" start="2025-07-16T14:36:50.258400" elapsed="3.037793"/>
</for>
<kw name="Log To Console" owner="BuiltIn">
<arg>Translated Titles: ${translated_titles}</arg>
<doc>Logs the given message to the console.</doc>
<status status="PASS" start="2025-07-16T14:36:53.297148" elapsed="0.000538"/>
</kw>
<kw name="Log" owner="BuiltIn">
<msg time="2025-07-16T14:36:53.299017" level="INFO">Translated Titles: ["Trump's tariffs are already starting to be felt in the pocketbook: inflation climbs to 2.7% in June in the U.S.", 'The White House increases its pressure on Powell, who is already looking for a replacement.', 'The tomato war: President breaks old treaty to hit Mexico with more tariffs', 'Moscow warns U.S. president that his anti-Putin messages give false hope to Ukraine', 'Two Latina congresswomen present ambitious bipartisan immigration reform proposal']</msg>
<arg>Translated Titles: ${translated_titles}</arg>
<doc>Logs the given message with the given level.</doc>
<status status="PASS" start="2025-07-16T14:36:53.298636" elapsed="0.000887"/>
</kw>
<return>
<value>${translated_titles}</value>
<status status="PASS" start="2025-07-16T14:36:53.300290" elapsed="0.000270"/>
</return>
<msg time="2025-07-16T14:36:53.301315" level="INFO">${translated_titles} = ["Trump's tariffs are already starting to be felt in the pocketbook: inflation climbs to 2.7% in June in the U.S.", 'The White House increases its pressure on Powell, who is already looking for a repl...</msg>
<var>${translated_titles}</var>
<arg>@{titles}</arg>
<status status="PASS" start="2025-07-16T14:36:50.254574" elapsed="3.047183"/>
</kw>
<kw name="Log To Console" owner="BuiltIn">
<arg>Translated Titles: ${translated_titles}</arg>
<doc>Logs the given message to the console.</doc>
<status status="PASS" start="2025-07-16T14:36:53.302211" elapsed="0.000462"/>
</kw>
<kw name="Analyze Translations" owner="keywords">
<kw name="Log To Console" owner="BuiltIn">
<arg>Titles Received for Analysis: ${titles}</arg>
<doc>Logs the given message to the console.</doc>
<status status="PASS" start="2025-07-16T14:36:53.303766" elapsed="0.000408"/>
</kw>
<kw name="Evaluate" owner="BuiltIn">
<msg time="2025-07-16T14:36:53.305510" level="INFO">${all_words} = ["trump's", 'tariffs', 'are', 'already', 'starting', 'to', 'be', 'felt', 'in', 'the', 'pocketbook:', 'inflation', 'climbs', 'to', '2.7%', 'in', 'june', 'in', 'the', 'u.s', 'the', 'white', 'house', 'in...</msg>
<var>${all_words}</var>
<arg>[word.lower().strip(",.") for title in @{titles} for word in title.split()]</arg>
<doc>Evaluates the given expression in Python and returns the result.</doc>
<status status="PASS" start="2025-07-16T14:36:53.304962" elapsed="0.001454"/>
</kw>
<kw name="Log To Console" owner="BuiltIn">
<arg>All Words Extracted: ${all_words}</arg>
<doc>Logs the given message to the console.</doc>
<status status="PASS" start="2025-07-16T14:36:53.307364" elapsed="0.000486"/>
</kw>
<kw name="Create Dictionary" owner="BuiltIn">
<msg time="2025-07-16T14:36:53.309032" level="INFO">${repeated_words} = {}</msg>
<var>${repeated_words}</var>
<doc>Creates and returns a dictionary based on the given ``items``.</doc>
<status status="PASS" start="2025-07-16T14:36:53.308611" elapsed="0.000816"/>
</kw>
<for flavor="IN">
<iter>
<kw name="Count Values In List" owner="Collections">
<msg time="2025-07-16T14:36:53.311063" level="INFO">${count} = 1</msg>
<var>${count}</var>
<arg>${all_words}</arg>
<arg>${word}</arg>
<doc>Returns the number of occurrences of the given ``value`` in ``list``.</doc>
<status status="PASS" start="2025-07-16T14:36:53.310678" elapsed="0.000773"/>
</kw>
<kw name="Log To Console" owner="BuiltIn">
<arg>Word: ${word}, Count: ${count}</arg>
<doc>Logs the given message to the console.</doc>
<status status="PASS" start="2025-07-16T14:36:53.312140" elapsed="0.000359"/>
</kw>
<kw name="Run Keyword If" owner="BuiltIn">
<arg>${count} &gt; 1</arg>
<arg>Set To Dictionary</arg>
<arg>${repeated_words}</arg>
<arg>${word}</arg>
<arg>${count}</arg>
<doc>Runs the given keyword with the given arguments, if ``condition`` is true.</doc>
<status status="PASS" start="2025-07-16T14:36:53.313188" elapsed="0.000349"/>
</kw>
<var name="${word}">trump's</var>
<status status="PASS" start="2025-07-16T14:36:53.310386" elapsed="0.003799"/>
</iter>
<iter>
<kw name="Count Values In List" owner="Collections">
<msg time="2025-07-16T14:36:53.315577" level="INFO">${count} = 2</msg>
<var>${count}</var>
<arg>${all_words}</arg>
<arg>${word}</arg>
<doc>Returns the number of occurrences of the given ``value`` in ``list``.</doc>
<status status="PASS" start="2025-07-16T14:36:53.315213" elapsed="0.000774"/>
</kw>
<kw name="Log To Console" owner="BuiltIn">
<arg>Word: ${word}, Count: ${count}</arg>
<doc>Logs the given message to the console.</doc>
[...]
<status status="PASS" start="2025-07-16T14:36:53.471362" elapsed="0.000527"/>
</kw>
<kw name="Log To Console" owner="BuiltIn">
<arg>Word: ${word}, Count: ${count}</arg>
<doc>Logs the given message to the console.</doc>
<status status="PASS" start="2025-07-16T14:36:53.472316" elapsed="0.000229"/>
</kw>
<kw name="Run Keyword If" owner="BuiltIn">
<arg>${count} &gt; 1</arg>
<arg>Set To Dictionary</arg>
<arg>${repeated_words}</arg>
<arg>${word}</arg>
<arg>${count}</arg>
<doc>Runs the given keyword with the given arguments, if ``condition`` is true.</doc>
<status status="PASS" start="2025-07-16T14:36:53.473098" elapsed="0.000204"/>
</kw>
<var name="${word}">his</var>
<status status="PASS" start="2025-07-16T14:36:53.471203" elapsed="0.002477"/>
</iter>
<iter>
<kw name="Count Values In List" owner="Collections">
<msg time="2025-07-16T14:36:53.474467" level="INFO">${count} = 1</msg>
<var>${count}</var>
<arg>${all_words}</arg>
<arg>${word}</arg>
<doc>Returns the number of occurrences of the given ``value`` in ``list``.</doc>
<status status="PASS" start="2025-07-16T14:36:53.474250" elapsed="0.000449"/>
</kw>
<kw name="Log To Console" owner="BuiltIn">
<arg>Word: ${word}, Count: ${count}</arg>
<doc>Logs the given message to the console.</doc>
<status status="PASS" start="2025-07-16T14:36:53.475108" elapsed="0.000214"/>
</kw>
<kw name="Run Keyword If" owner="BuiltIn">
<arg>${count} &gt; 1</arg>
<arg>Set To Dictionary</arg>
<arg>${repeated_words}</arg>
<arg>${word}</arg>
<arg>${count}</arg>
<doc>Runs the given keyword with the given arguments, if ``condition`` is true.</doc>
<status status="PASS" start="2025-07-16T14:36:53.475724" elapsed="0.000197"/>
</kw>
<var name="${word}">anti-putin</var>
<status status="PASS" start="2025-07-16T14:36:53.474085" elapsed="0.002210"/>
</iter>
<iter>
<kw name="Count Values In List" owner="Collections">
<msg time="2025-07-16T14:36:53.477056" level="INFO">${count} = 1</msg>
<var>${count}</var>
<arg>${all_words}</arg>
<arg>${word}</arg>
<doc>Returns the number of occurrences of the given ``value`` in ``list``.</doc>
<status status="PASS" start="2025-07-16T14:36:53.476845" elapsed="0.000442"/>
</kw>
<kw name="Log To Console" owner="BuiltIn">
<arg>Word: ${word}, Count: ${count}</arg>
<doc>Logs the given message to the console.</doc>
<status status="PASS" start="2025-07-16T14:36:53.477704" elapsed="0.000216"/>
</kw>
<kw name="Run Keyword If" owner="BuiltIn">
<arg>${count} &gt; 1</arg>
<arg>Set To Dictionary</arg>
<arg>${repeated_words}</arg>
<arg>${word}</arg>
<arg>${count}</arg>
<doc>Runs the given keyword with the given arguments, if ``condition`` is true.</doc>
<status status="PASS" start="2025-07-16T14:36:53.478317" elapsed="0.000196"/>
</kw>
<var name="${word}">messages</var>
<status status="PASS" start="2025-07-16T14:36:53.476681" elapsed="0.002217"/>
</iter>
<iter>
<kw name="Count Values In List" owner="Collections">
<msg time="2025-07-16T14:36:53.479663" level="INFO">${count} = 1</msg>
<var>${count}</var>
<arg>${all_words}</arg>
<arg>${word}</arg>
<doc>Returns the number of occurrences of the given ``value`` in ``list``.</doc>
<status status="PASS" start="2025-07-16T14:36:53.479450" elapsed="0.000445"/>
</kw>
<kw name="Log To Console" owner="BuiltIn">
<arg>Word: ${word}, Count: ${count}</arg>
<doc>Logs the given message to the console.</doc>
<status status="PASS" start="2025-07-16T14:36:53.480301" elapsed="0.000207"/>
</kw>
<kw name="Run Keyword If" owner="BuiltIn">
<arg>${count} &gt; 1</arg>
<arg>Set To Dictionary</arg>
<arg>${repeated_words}</arg>
<arg>${word}</arg>
<arg>${count}</arg>
<doc>Runs the given keyword with the given arguments, if ``condition`` is true.</doc>
<status status="PASS" start="2025-07-16T14:36:53.480917" elapsed="0.000196"/>
</kw>
<var name="${word}">give</var>
<status status="PASS" start="2025-07-16T14:36:53.479285" elapsed="0.002215"/>
</iter>
<iter>
<kw name="Count Values In List" owner="Collections">
<msg time="2025-07-16T14:36:53.482249" level="INFO">${count} = 1</msg>
<var>${count}</var>
<arg>${all_words}</arg>
<arg>${word}</arg>
<doc>Returns the number of occurrences of the given ``value`` in ``list``.</doc>
<status status="PASS" start="2025-07-16T14:36:53.482041" elapsed="0.000441"/>
</kw>
<kw name="Log To Console" owner="BuiltIn">
<arg>Word: ${word}, Count: ${count}</arg>
<doc>Logs the given message to the console.</doc>
<status status="PASS" start="2025-07-16T14:36:53.482889" elapsed="0.000208"/>
</kw>
<kw name="Run Keyword If" owner="BuiltIn">
<arg>${count} &gt; 1</arg>
<arg>Set To Dictionary</arg>
<arg>${repeated_words}</arg>
<arg>${word}</arg>
<arg>${count}</arg>
<doc>Runs the given keyword with the given arguments, if ``condition`` is true.</doc>
<status status="PASS" start="2025-07-16T14:36:53.483514" elapsed="0.000201"/>
</kw>
<var name="${word}">false</var>
<status status="PASS" start="2025-07-16T14:36:53.481885" elapsed="0.002295"/>
</iter>
<iter>
<kw name="Count Values In List" owner="Collections">
<msg time="2025-07-16T14:36:53.485001" level="INFO">${count} = 1</msg>
<var>${count}</var>
<arg>${all_words}</arg>
<arg>${word}</arg>
<doc>Returns the number of occurrences of the given ``value`` in ``list``.</doc>
<status status="PASS" start="2025-07-16T14:36:53.484771" elapsed="0.000474"/>
</kw>
<kw name="Log To Console" owner="BuiltIn">
<arg>Word: ${word}, Count: ${count}</arg>
<doc>Logs the given message to the console.</doc>
<status status="PASS" start="2025-07-16T14:36:53.485662" elapsed="0.000220"/>
</kw>
<kw name="Run Keyword If" owner="BuiltIn">
<arg>${count} &gt; 1</arg>
<arg>Set To Dictionary</arg>
<arg>${repeated_words}</arg>
<arg>${word}</arg>
<arg>${count}</arg>
<doc>Runs the given keyword with the given arguments, if ``condition`` is true.</doc>
<status status="PASS" start="2025-07-16T14:36:53.486286" elapsed="0.000202"/>
</kw>
<var name="${word}">hope</var>
<status status="PASS" start="2025-07-16T14:36:53.484594" elapsed="0.002278"/>
</iter>
<iter>
<kw name="Count Values In List" owner="Collections">
<msg time="2025-07-16T14:36:53.487688" level="INFO">${count} = 4</msg>
<var>${count}</var>
<arg>${all_words}</arg>
<arg>${word}</arg>
<doc>Returns the number of occurrences of the given ``value`` in ``list``.</doc>
<status status="PASS" start="2025-07-16T14:36:53.487456" elapsed="0.000468"/>
</kw>
<kw name="Log To Console" owner="BuiltIn">
<arg>Word: ${word}, Count: ${count}</arg>
<doc>Logs the given message to the console.</doc>
<status status="PASS" start="2025-07-16T14:36:53.488333" elapsed="0.000216"/>
</kw>
<kw name="Run Keyword If" owner="BuiltIn">
<kw name="Set To Dictionary" owner="Collections">
<arg>${repeated_words}</arg>
<arg>${word}</arg>
<arg>${count}</arg>
<doc>Adds the given ``key_value_pairs`` and/or ``items`` to the ``dictionary``.</doc>
<status status="PASS" start="2025-07-16T14:36:53.489174" elapsed="0.000207"/>
</kw>
<arg>${count} &gt; 1</arg>
<arg>Set To Dictionary</arg>
<arg>${repeated_words}</arg>
<arg>${word}</arg>
<arg>${count}</arg>
<doc>Runs the given keyword with the given arguments, if ``condition`` is true.</doc>
<status status="PASS" start="2025-07-16T14:36:53.488950" elapsed="0.000809"/>
</kw>
<var name="${word}">to</var>
<status status="PASS" start="2025-07-16T14:36:53.487278" elapsed="0.002863"/>
</iter>
<iter>
<kw name="Count Values In List" owner="Collections">
<msg time="2025-07-16T14:36:53.490913" level="INFO">${count} = 1</msg>
<var>${count}</var>
<arg>${all_words}</arg>
<arg>${word}</arg>
<doc>Returns the number of occurrences of the given ``value`` in ``list``.</doc>
<status status="PASS" start="2025-07-16T14:36:53.490702" elapsed="0.000442"/>
</kw>
<kw name="Log To Console" owner="BuiltIn">
<arg>Word: ${word}, Count: ${count}</arg>
<doc>Logs the given message to the console.</doc>
<status status="PASS" start="2025-07-16T14:36:53.491548" elapsed="0.000208"/>
</kw>
<kw name="Run Keyword If" owner="BuiltIn">
<arg>${count} &gt; 1</arg>
<arg>Set To Dictionary</arg>
<arg>${repeated_words}</arg>
<arg>${word}</arg>
<arg>${count}</arg>
<doc>Runs the given keyword with the given arguments, if ``condition`` is true.</doc>
<status status="PASS" start="2025-07-16T14:36:53.492150" elapsed="0.000193"/>
</kw>
<var name="${word}">ukraine</var>
<status status="PASS" start="2025-07-16T14:36:53.490530" elapsed="0.002185"/>
</iter>
<iter>
<kw name="Count Values In List" owner="Collections">
<msg time="2025-07-16T14:36:53.493465" level="INFO">${count} = 1</msg>
<var>${count}</var>
<arg>${all_words}</arg>
<arg>${word}</arg>
<doc>Returns the number of occurrences of the given ``value`` in ``list``.</doc>
<status status="PASS" start="2025-07-16T14:36:53.493253" elapsed="0.000459"/>
</kw>
<kw name="Log To Console" owner="BuiltIn">
<arg>Word: ${word}, Count: ${count}</arg>
<doc>Logs the given message to the console.</doc>
<status status="PASS" start="2025-07-16T14:36:53.494135" elapsed="0.000214"/>
</kw>
<kw name="Run Keyword If" owner="BuiltIn">
<arg>${count} &gt; 1</arg>
<arg>Set To Dictionary</arg>
<arg>${repeated_words}</arg>
<arg>${word}</arg>
<arg>${count}</arg>
<doc>Runs the given keyword with the given arguments, if ``condition`` is true.</doc>
<status status="PASS" start="2025-07-16T14:36:53.494766" elapsed="0.000195"/>
</kw>
<var name="${word}">two</var>
<status status="PASS" start="2025-07-16T14:36:53.493092" elapsed="0.002243"/>
</iter>
<iter>
<kw name="Count Values In List" owner="Collections">
<msg time="2025-07-16T14:36:53.496092" level="INFO">${count} = 1</msg>
<var>${count}</var>
<arg>${all_words}</arg>
<arg>${word}</arg>
<doc>Returns the number of occurrences of the given ``value`` in ``list``.</doc>
<status status="PASS" start="2025-07-16T14:36:53.495885" elapsed="0.000438"/>
</kw>
<kw name="Log To Console" owner="BuiltIn">
<arg>Word: ${word}, Count: ${count}</arg>
<doc>Logs the given message to the console.</doc>
<status status="PASS" start="2025-07-16T14:36:53.496739" elapsed="0.000206"/>
</kw>
<kw name="Run Keyword If" owner="BuiltIn">
<arg>${count} &gt; 1</arg>
<arg>Set To Dictionary</arg>
<arg>${repeated_words}</arg>
<arg>${word}</arg>
<arg>${count}</arg>
<doc>Runs the given keyword with the given arguments, if ``condition`` is true.</doc>
<status status="PASS" start="2025-07-16T14:36:53.497342" elapsed="0.000193"/>
</kw>
<var name="${word}">latina</var>
<status status="PASS" start="2025-07-16T14:36:53.495723" elapsed="0.002179"/>
</iter>
<iter>
<kw name="Count Values In List" owner="Collections">
<msg time="2025-07-16T14:36:53.498644" level="INFO">${count} = 1</msg>
<var>${count}</var>
<arg>${all_words}</arg>
<arg>${word}</arg>
<doc>Returns the number of occurrences of the given ``value`` in ``list``.</doc>
<status status="PASS" start="2025-07-16T14:36:53.498438" elapsed="0.000435"/>
</kw>
<kw name="Log To Console" owner="BuiltIn">
<arg>Word: ${word}, Count: ${count}</arg>
<doc>Logs the given message to the console.</doc>
<status status="PASS" start="2025-07-16T14:36:53.499278" elapsed="0.000204"/>
</kw>
<kw name="Run Keyword If" owner="BuiltIn">
<arg>${count} &gt; 1</arg>
<arg>Set To Dictionary</arg>
<arg>${repeated_words}</arg>
<arg>${word}</arg>
<arg>${count}</arg>
<doc>Runs the given keyword with the given arguments, if ``condition`` is true.</doc>
<status status="PASS" start="2025-07-16T14:36:53.499875" elapsed="0.000190"/>
</kw>
<var name="${word}">congresswomen</var>
<status status="PASS" start="2025-07-16T14:36:53.498282" elapsed="0.002149"/>
</iter>
<iter>
<kw name="Count Values In List" owner="Collections">
<msg time="2025-07-16T14:36:53.501170" level="INFO">${count} = 1</msg>
<var>${count}</var>
<arg>${all_words}</arg>
<arg>${word}</arg>
<doc>Returns the number of occurrences of the given ``value`` in ``list``.</doc>
<status status="PASS" start="2025-07-16T14:36:53.500964" elapsed="0.000434"/>
</kw>
<kw name="Log To Console" owner="BuiltIn">
<arg>Word: ${word}, Count: ${count}</arg>
<doc>Logs the given message to the console.</doc>
<status status="PASS" start="2025-07-16T14:36:53.501796" elapsed="0.000205"/>
</kw>
<kw name="Run Keyword If" owner="BuiltIn">
<arg>${count} &gt; 1</arg>
<arg>Set To Dictionary</arg>
<arg>${repeated_words}</arg>
<arg>${word}</arg>
<arg>${count}</arg>
<doc>Runs the given keyword with the given arguments, if ``condition`` is true.</doc>
<status status="PASS" start="2025-07-16T14:36:53.502398" elapsed="0.000195"/>
</kw>
<var name="${word}">present</var>
<status status="PASS" start="2025-07-16T14:36:53.500804" elapsed="0.002157"/>
</iter>
<iter>
<kw name="Count Values In List" owner="Collections">
<msg time="2025-07-16T14:36:53.503693" level="INFO">${count} = 1</msg>
<var>${count}</var>
<arg>${all_words}</arg>
<arg>${word}</arg>
<doc>Returns the number of occurrences of the given ``value`` in ``list``.</doc>
<status status="PASS" start="2025-07-16T14:36:53.503489" elapsed="0.000443"/>
</kw>
<kw name="Log To Console" owner="BuiltIn">
<arg>Word: ${word}, Count: ${count}</arg>
<doc>Logs the given message to the console.</doc>
<status status="PASS" start="2025-07-16T14:36:53.504376" elapsed="0.000217"/>
</kw>
<kw name="Run Keyword If" owner="BuiltIn">
<arg>${count} &gt; 1</arg>
<arg>Set To Dictionary</arg>
<arg>${repeated_words}</arg>
<arg>${word}</arg>
<arg>${count}</arg>
<doc>Runs the given keyword with the given arguments, if ``condition`` is true.</doc>
<status status="PASS" start="2025-07-16T14:36:53.505013" elapsed="0.000201"/>
</kw>
<var name="${word}">ambitious</var>
<status status="PASS" start="2025-07-16T14:36:53.503334" elapsed="0.002264"/>
</iter>
<iter>
<kw name="Count Values In List" owner="Collections">
<msg time="2025-07-16T14:36:53.506380" level="INFO">${count} = 1</msg>
<var>${count}</var>
<arg>${all_words}</arg>
<arg>${word}</arg>
<doc>Returns the number of occurrences of the given ``value`` in ``list``.</doc>
<status status="PASS" start="2025-07-16T14:36:53.506166" elapsed="0.000453"/>
</kw>
<kw name="Log To Console" owner="BuiltIn">
<arg>Word: ${word}, Count: ${count}</arg>
<doc>Logs the given message to the console.</doc>
<status status="PASS" start="2025-07-16T14:36:53.507042" elapsed="0.000219"/>
</kw>
<kw name="Run Keyword If" owner="BuiltIn">
<arg>${count} &gt; 1</arg>
<arg>Set To Dictionary</arg>
<arg>${repeated_words}</arg>
<arg>${word}</arg>
<arg>${count}</arg>
<doc>Runs the given keyword with the given arguments, if ``condition`` is true.</doc>
<status status="PASS" start="2025-07-16T14:36:53.507683" elapsed="0.000206"/>
</kw>
<var name="${word}">bipartisan</var>
<status status="PASS" start="2025-07-16T14:36:53.505996" elapsed="0.002277"/>
</iter>
<iter>
<kw name="Count Values In List" owner="Collections">
<msg time="2025-07-16T14:36:53.509052" level="INFO">${count} = 1</msg>
<var>${count}</var>
<arg>${all_words}</arg>
<arg>${word}</arg>
<doc>Returns the number of occurrences of the given ``value`` in ``list``.</doc>
<status status="PASS" start="2025-07-16T14:36:53.508836" elapsed="0.000453"/>
</kw>
<kw name="Log To Console" owner="BuiltIn">
<arg>Word: ${word}, Count: ${count}</arg>
<doc>Logs the given message to the console.</doc>
<status status="PASS" start="2025-07-16T14:36:53.509708" elapsed="0.000212"/>
</kw>
<kw name="Run Keyword If" owner="BuiltIn">
<arg>${count} &gt; 1</arg>
<arg>Set To Dictionary</arg>
<arg>${repeated_words}</arg>
<arg>${word}</arg>
<arg>${count}</arg>
<doc>Runs the given keyword with the given arguments, if ``condition`` is true.</doc>
<status status="PASS" start="2025-07-16T14:36:53.510329" elapsed="0.000201"/>
</kw>
<var name="${word}">immigration</var>
<status status="PASS" start="2025-07-16T14:36:53.508670" elapsed="0.002243"/>
</iter>
<iter>
<kw name="Count Values In List" owner="Collections">
<msg time="2025-07-16T14:36:53.511686" level="INFO">${count} = 1</msg>
<var>${count}</var>
<arg>${all_words}</arg>
<arg>${word}</arg>
<doc>Returns the number of occurrences of the given ``value`` in ``list``.</doc>
<status status="PASS" start="2025-07-16T14:36:53.511471" elapsed="0.000456"/>
</kw>
<kw name="Log To Console" owner="BuiltIn">
<arg>Word: ${word}, Count: ${count}</arg>
<doc>Logs the given message to the console.</doc>
<status status="PASS" start="2025-07-16T14:36:53.512348" elapsed="0.000221"/>
</kw>
<kw name="Run Keyword If" owner="BuiltIn">
<arg>${count} &gt; 1</arg>
<arg>Set To Dictionary</arg>
<arg>${repeated_words}</arg>
<arg>${word}</arg>
<arg>${count}</arg>
<doc>Runs the given keyword with the given arguments, if ``condition`` is true.</doc>
<status status="PASS" start="2025-07-16T14:36:53.512981" elapsed="0.000199"/>
</kw>
<var name="${word}">reform</var>
<status status="PASS" start="2025-07-16T14:36:53.511303" elapsed="0.002259"/>
</iter>
<iter>
<kw name="Count Values In List" owner="Collections">
<msg time="2025-07-16T14:36:53.514336" level="INFO">${count} = 1</msg>
<var>${count}</var>
<arg>${all_words}</arg>
<arg>${word}</arg>
<doc>Returns the number of occurrences of the given ``value`` in ``list``.</doc>
<status status="PASS" start="2025-07-16T14:36:53.514121" elapsed="0.000454"/>
</kw>
<kw name="Log To Console" owner="BuiltIn">
<arg>Word: ${word}, Count: ${count}</arg>
<doc>Logs the given message to the console.</doc>
<status status="PASS" start="2025-07-16T14:36:53.514991" elapsed="0.000213"/>
</kw>
<kw name="Run Keyword If" owner="BuiltIn">
<arg>${count} &gt; 1</arg>
<arg>Set To Dictionary</arg>
<arg>${repeated_words}</arg>
<arg>${word}</arg>
<arg>${count}</arg>
<doc>Runs the given keyword with the given arguments, if ``condition`` is true.</doc>
<status status="PASS" start="2025-07-16T14:36:53.515611" elapsed="0.000199"/>
</kw>
<var name="${word}">proposal</var>
<status status="PASS" start="2025-07-16T14:36:53.513956" elapsed="0.002236"/>
</iter>
<var>${word}</var>
<value>@{all_words}</value>
<status status="PASS" start="2025-07-16T14:36:53.310063" elapsed="0.206493"/>
</for>
<kw name="Log To Console" owner="BuiltIn">
<arg>Repeated Words: ${repeated_words}</arg>
<doc>Logs the given message to the console.</doc>
<status status="PASS" start="2025-07-16T14:36:53.516971" elapsed="0.000217"/>
</kw>
<kw name="Log" owner="BuiltIn">
<msg time="2025-07-16T14:36:53.517800" level="INFO">Repeated Words: {'tariffs': 2, 'already': 2, 'to': 4, 'in': 3, 'the': 4, 'u.s': 2, 'president': 2}</msg>
<arg>Repeated Words: ${repeated_words}</arg>
<doc>Logs the given message with the given level.</doc>
<status status="PASS" start="2025-07-16T14:36:53.517598" elapsed="0.000451"/>
</kw>
<return>
<value>${repeated_words}</value>
<status status="PASS" start="2025-07-16T14:36:53.518441" elapsed="0.000147"/>
</return>
<msg time="2025-07-16T14:36:53.519000" level="INFO">${repeated_words} = {'tariffs': 2, 'already': 2, 'to': 4, 'in': 3, 'the': 4, 'u.s': 2, 'president': 2}</msg>
<var>${repeated_words}</var>
<arg>@{translated_titles}</arg>
<status status="PASS" start="2025-07-16T14:36:53.303228" elapsed="0.216011"/>
</kw>
<kw name="Log To Console" owner="BuiltIn">
<arg>Repeated Words: ${repeated_words}</arg>
<doc>Logs the given message to the console.</doc>
<status status="PASS" start="2025-07-16T14:36:53.519498" elapsed="0.000246"/>
</kw>
<kw name="Close Browser" owner="SeleniumLibrary">
<doc>Closes the current browser.</doc>
<status status="PASS" start="2025-07-16T14:36:53.520011" elapsed="0.000249"/>
</kw>
<status status="PASS" start="2025-07-16T14:35:13.969081" elapsed="99.551467"/>
</test>
<status status="PASS" start="2025-07-16T14:35:13.896906" elapsed="102.701845"/>
</suite>
<statistics>
<total>
<stat pass="1" fail="0" skip="0">All Tests</stat>
</total>
<tag>
</tag>
<suite>
<stat pass="1" fail="0" skip="0" id="s1" name="Test Opinion">Test Opinion</stat>
</suite>
</statistics>
<errors>
<msg time="2025-07-16T14:36:56.596931" level="ERROR">Calling method '_end_test' of listener 'Browser' failed: UnboundLocalError: cannot access local variable 'bstack1l1l11ll11_opy_' where it is not associated with a value</msg>
<msg time="2025-07-16T14:37:01.948549" level="ERROR">Calling method '_end_suite' of listener 'Browser' failed: Could not connect to the playwright process at port 65416.</msg>
</errors>
</robot>
